[INFO] Scanning for projects...
[INFO] ------------------------------------------------------------------------
[INFO] Reactor Build Order:
[INFO] 
[INFO] Micro-services without Spring :: The master POM module             [pom]
[INFO] Micro-services without Spring :: The Customers module              [war]
[INFO] Micro-services without Spring :: The Orders module                 [jar]
[INFO] Micro-services without Spring :: The platform module               [jar]
[INFO] 
[INFO] ---------< fr.simplex-software:micro-services-without-spring >----------
[INFO] Building Micro-services without Spring :: The master POM module 1.0-SNAPSHOT [1/4]
[INFO] --------------------------------[ pom ]---------------------------------
[INFO] 
[INFO] --- maven-clean-plugin:2.5:clean (default-clean) @ micro-services-without-spring ---
[INFO] Deleting /home/nicolas/IdeaProjects/micro-services-without-spring/target
[INFO] 
[INFO] --- jacoco-maven-plugin:0.8.6:instrument (instrument-ut) @ micro-services-without-spring ---
[INFO] Skipping JaCoCo execution due to missing classes directory:/home/nicolas/IdeaProjects/micro-services-without-spring/target/classes
[INFO] 
[INFO] --- jacoco-maven-plugin:0.8.6:restore-instrumented-classes (restore-ut) @ micro-services-without-spring ---
[INFO] 
[INFO] --- jacoco-maven-plugin:0.8.6:instrument (instrument-it) @ micro-services-without-spring ---
[INFO] Skipping JaCoCo execution due to missing classes directory:/home/nicolas/IdeaProjects/micro-services-without-spring/target/classes
[INFO] 
[INFO] --- jacoco-maven-plugin:0.8.6:restore-instrumented-classes (restore-it) @ micro-services-without-spring ---
[INFO] 
[INFO] --- jacoco-maven-plugin:0.8.6:merge (merge-results) @ micro-services-without-spring ---
[INFO] Skipping JaCoCo merge execution due to missing execution data files
[INFO] 
[INFO] --- jacoco-maven-plugin:0.8.6:report (report) @ micro-services-without-spring ---
[INFO] Skipping JaCoCo execution due to missing execution data file.
[INFO] 
[INFO] --- maven-install-plugin:2.4:install (default-install) @ micro-services-without-spring ---
[INFO] Installing /home/nicolas/IdeaProjects/micro-services-without-spring/pom.xml to /home/nicolas/.m2/repository/fr/simplex-software/micro-services-without-spring/1.0-SNAPSHOT/micro-services-without-spring-1.0-SNAPSHOT.pom
[INFO] 
[INFO] -------------------< fr.simplex-software:customers >--------------------
[INFO] Building Micro-services without Spring :: The Customers module 1.0-SNAPSHOT [2/4]
[INFO] --------------------------------[ war ]---------------------------------
[INFO] 
[INFO] --- maven-clean-plugin:2.5:clean (default-clean) @ customers ---
[INFO] Deleting /home/nicolas/IdeaProjects/micro-services-without-spring/customers/target
[INFO] 
[INFO] --- maven-resources-plugin:2.6:resources (default-resources) @ customers ---
[INFO] Using 'UTF-8' encoding to copy filtered resources.
[INFO] Copying 5 resources
[INFO] 
[INFO] --- maven-compiler-plugin:3.5.1:compile (default-compile) @ customers ---
[INFO] Changes detected - recompiling the module!
[INFO] Compiling 21 source files to /home/nicolas/IdeaProjects/micro-services-without-spring/customers/target/classes
[INFO] 
[INFO] --- jacoco-maven-plugin:0.8.6:instrument (instrument-ut) @ customers ---
[INFO] 
[INFO] --- maven-resources-plugin:2.6:testResources (default-testResources) @ customers ---
[INFO] Using 'UTF-8' encoding to copy filtered resources.
[INFO] Copying 28 resources
[INFO] 
[INFO] --- maven-compiler-plugin:3.5.1:testCompile (default-testCompile) @ customers ---
[INFO] Changes detected - recompiling the module!
[INFO] Compiling 13 source files to /home/nicolas/IdeaProjects/micro-services-without-spring/customers/target/test-classes
[INFO] /home/nicolas/IdeaProjects/micro-services-without-spring/customers/src/test/java/fr/simplex_software/micro_services_without_spring/customers/tests/bootable/TestBase.java: Some input files use unchecked or unsafe operations.
[INFO] /home/nicolas/IdeaProjects/micro-services-without-spring/customers/src/test/java/fr/simplex_software/micro_services_without_spring/customers/tests/bootable/TestBase.java: Recompile with -Xlint:unchecked for details.
[INFO] 
[INFO] --- maven-surefire-plugin:2.22.2:test (default-test) @ customers ---
[INFO] 
[INFO] -------------------------------------------------------
[INFO]  T E S T S
[INFO] -------------------------------------------------------
[INFO] Running fr.simplex_software.micro_services_without_spring.customers.tests.TestConstraintViolationExceptionMapper
2021-03-10 17:12:27 INFO  Version:21 - HV000001: Hibernate Validator 6.1.5.Final
[INFO] Tests run: 1, Failures: 0, Errors: 0, Skipped: 0, Time elapsed: 0.316 s - in fr.simplex_software.micro_services_without_spring.customers.tests.TestConstraintViolationExceptionMapper
[INFO] Running fr.simplex_software.micro_services_without_spring.customers.tests.TestEntities
2021-03-10 17:12:27 INFO  LogHelper:31 - HHH000204: Processing PersistenceUnitInfo [name: customers-test]
2021-03-10 17:12:27 INFO  Version:44 - HHH000412: Hibernate ORM core version 5.4.28.Final
2021-03-10 17:12:27 INFO  Version:56 - HCANN000001: Hibernate Commons Annotations {5.1.2.Final}
2021-03-10 17:12:27 WARN  pooling:72 - HHH10001002: Using Hibernate built-in connection pool (not for production use!)
2021-03-10 17:12:27 INFO  pooling:115 - HHH10001005: using driver [org.h2.Driver] at URL [jdbc:h2:mem:customers]
2021-03-10 17:12:27 INFO  pooling:124 - HHH10001001: Connection properties: {}
2021-03-10 17:12:27 INFO  pooling:129 - HHH10001003: Autocommit mode: false
2021-03-10 17:12:27 INFO  DriverManagerConnectionProviderImpl:259 - HHH000115: Hibernate connection pool size: 20 (min=1)
2021-03-10 17:12:27 INFO  Dialect:175 - HHH000400: Using dialect: org.hibernate.dialect.H2Dialect
2021-03-10 17:12:28 INFO  beans:73 - HHH10005002: No explicit CDI BeanManager reference was passed to Hibernate, but CDI is available on the Hibernate ClassLoader.
Hibernate: 
    
    drop table if exists CUSTOMER_ADDRESSES CASCADE 
2021-03-10 17:12:28 INFO  access:47 - HHH10001501: Connection obtained from JdbcConnectionAccess [org.hibernate.engine.jdbc.env.internal.JdbcEnvironmentInitiator$ConnectionProviderJdbcConnectionAccess@4409cae6] for (non-JTA) DDL execution was not in auto-commit mode; the Connection 'local transaction' will be committed and the Connection will be set into auto-commit mode.
Hibernate: 
    
    drop table if exists CUSTOMER_CONTACT_DETAILS CASCADE 
Hibernate: 
    
    drop table if exists CUSTOMER_PHONE_NUMBERS CASCADE 
Hibernate: 
    
    drop table if exists CUSTOMERS CASCADE 
Hibernate: 
    
    drop sequence if exists CUSTOMER_ADDRESS_SEQ
Hibernate: 
    
    drop sequence if exists CUSTOMER_CONTACT_DETAILS_SEQ
Hibernate: 
    
    drop sequence if exists CUSTOMER_PHONE_NUMBER_SEQ
Hibernate: 
    
    drop sequence if exists CUSTOMERS_SEQ
Hibernate: create sequence CUSTOMER_ADDRESS_SEQ start with 1 increment by 50
2021-03-10 17:12:28 INFO  access:47 - HHH10001501: Connection obtained from JdbcConnectionAccess [org.hibernate.engine.jdbc.env.internal.JdbcEnvironmentInitiator$ConnectionProviderJdbcConnectionAccess@57ce2898] for (non-JTA) DDL execution was not in auto-commit mode; the Connection 'local transaction' will be committed and the Connection will be set into auto-commit mode.
Hibernate: create sequence CUSTOMER_CONTACT_DETAILS_SEQ start with 1 increment by 50
Hibernate: create sequence CUSTOMER_PHONE_NUMBER_SEQ start with 1 increment by 50
Hibernate: create sequence CUSTOMERS_SEQ start with 1 increment by 50
Hibernate: 
    
    create table CUSTOMER_ADDRESSES (
       CUSTOMER_ADDRESS_ID bigint not null,
        CITY varchar(20) not null,
        COUNTRY varchar(20) not null,
        STREET_NUMBER integer not null,
        PROVINCE varchar(20) not null,
        STREET_NAME varchar(30) not null,
        ZIP_CODE varchar(5) not null,
        primary key (CUSTOMER_ADDRESS_ID)
    )
Hibernate: 
    
    create table CUSTOMER_CONTACT_DETAILS (
       CUSTOMER_CONTACT_DETAILS_ID bigint not null,
        EMAIL_ADDRESS varchar(255) not null,
        FIRST_NAME varchar(20) not null,
        LAST_NAME varchar(40) not null,
        CUSTOMER_ADDRESS_ID bigint,
        CUSTOMER_PHONE_NUMBER_ID bigint,
        primary key (CUSTOMER_CONTACT_DETAILS_ID)
    )
Hibernate: 
    
    create table CUSTOMER_PHONE_NUMBERS (
       CUSTOMER_PHONE_NUMBER_ID bigint not null,
        AREA_CODE integer not null,
        EXCHANGE integer not null,
        EXTENSION integer not null,
        primary key (CUSTOMER_PHONE_NUMBER_ID)
    )
Hibernate: 
    
    create table CUSTOMERS (
       CUSTOMER_ID bigint not null,
        CUSTOMER_REFERENCE varchar(10) not null,
        CUSTOMER_TYPE integer not null,
        CUSTOMER_CONTACT_DETAILS_ID bigint,
        primary key (CUSTOMER_ID)
    )
Hibernate: 
    
    alter table CUSTOMERS 
       add constraint UK_rojrb5eha6bw84ypcr03rcioe unique (CUSTOMER_REFERENCE)
Hibernate: 
    
    alter table CUSTOMER_CONTACT_DETAILS 
       add constraint FKoxxk4jwpapsurucjqb8q51mxj 
       foreign key (CUSTOMER_ADDRESS_ID) 
       references CUSTOMER_ADDRESSES
Hibernate: 
    
    alter table CUSTOMER_CONTACT_DETAILS 
       add constraint FK15yfxdgaxyrd88xr29469yne4 
       foreign key (CUSTOMER_PHONE_NUMBER_ID) 
       references CUSTOMER_PHONE_NUMBERS
Hibernate: 
    
    alter table CUSTOMERS 
       add constraint FK2mx3xw5gcwk0odm335ygk7lqe 
       foreign key (CUSTOMER_CONTACT_DETAILS_ID) 
       references CUSTOMER_CONTACT_DETAILS
2021-03-10 17:12:28 INFO  SchemaCreatorImpl:33 - HHH000476: Executing import script 'file:/home/nicolas/IdeaProjects/micro-services-without-spring/customers/target/classes/import.sql'
Hibernate: 
    INSERT INTO CUSTOMER_ADDRESSES (CUSTOMER_ADDRESS_ID, CITY, COUNTRY, STREET_NUMBER, PROVINCE, STREET_NAME, ZIP_CODE) VALUES (CUSTOMER_ADDRESS_SEQ.nextval, 'New Jersey', 'USA', 1934, 'NJ', 'Duke Lane', '07701')
Hibernate: 
    INSERT INTO CUSTOMER_ADDRESSES (CUSTOMER_ADDRESS_ID, CITY, COUNTRY, STREET_NUMBER, PROVINCE, STREET_NAME, ZIP_CODE) VALUES (CUSTOMER_ADDRESS_SEQ.nextval, 'New Jersey', 'USA', 1816, 'NJ', 'Pinnickinnick Street', '07305')
Hibernate: 
    INSERT INTO CUSTOMER_ADDRESSES (CUSTOMER_ADDRESS_ID, CITY, COUNTRY, STREET_NUMBER, PROVINCE, STREET_NAME, ZIP_CODE) VALUES (CUSTOMER_ADDRESS_SEQ.nextval, 'Baldwyn', 'USA', 4239, 'MS', '4239  Brownton Road', '38824')
Hibernate: 
    INSERT INTO CUSTOMER_ADDRESSES (CUSTOMER_ADDRESS_ID, CITY, COUNTRY, STREET_NUMBER, PROVINCE, STREET_NAME, ZIP_CODE) VALUES (CUSTOMER_ADDRESS_SEQ.nextval, 'Scranton', 'USA', 3738, 'PA', 'High Meadow Lane', '18503')
Hibernate: 
    INSERT INTO CUSTOMER_ADDRESSES (CUSTOMER_ADDRESS_ID, CITY, COUNTRY, STREET_NUMBER, PROVINCE, STREET_NAME, ZIP_CODE) VALUES (CUSTOMER_ADDRESS_SEQ.nextval, 'Mikkalo', 'USA', 2718, 'OR', '2718  Paul Wayne Haggerty Road', '97861')
Hibernate: 
    INSERT INTO CUSTOMER_PHONE_NUMBERS (CUSTOMER_PHONE_NUMBER_ID, AREA_CODE, EXCHANGE, EXTENSION) VALUES (CUSTOMER_PHONE_NUMBER_SEQ.nextval, 1, 732, 7582496)
Hibernate: 
    INSERT INTO CUSTOMER_PHONE_NUMBERS (CUSTOMER_PHONE_NUMBER_ID, AREA_CODE, EXCHANGE, EXTENSION) VALUES (CUSTOMER_PHONE_NUMBER_SEQ.nextval, 1, 504, 5017599)
Hibernate: 
    INSERT INTO CUSTOMER_PHONE_NUMBERS (CUSTOMER_PHONE_NUMBER_ID, AREA_CODE, EXCHANGE, EXTENSION) VALUES (CUSTOMER_PHONE_NUMBER_SEQ.nextval, 1, 785, 6239225)
Hibernate: 
    INSERT INTO CUSTOMER_PHONE_NUMBERS (CUSTOMER_PHONE_NUMBER_ID, AREA_CODE, EXCHANGE, EXTENSION) VALUES (CUSTOMER_PHONE_NUMBER_SEQ.nextval, 1, 858, 5414459)
Hibernate: 
    INSERT INTO CUSTOMER_PHONE_NUMBERS (CUSTOMER_PHONE_NUMBER_ID, AREA_CODE, EXCHANGE, EXTENSION) VALUES (CUSTOMER_PHONE_NUMBER_SEQ.nextval, 1, 503, 5365902)
Hibernate: 
    INSERT INTO CUSTOMER_CONTACT_DETAILS (CUSTOMER_CONTACT_DETAILS_ID, EMAIL_ADDRESS, FIRST_NAME, LAST_NAME, CUSTOMER_ADDRESS_ID, CUSTOMER_PHONE_NUMBER_ID) VALUES (CUSTOMER_CONTACT_DETAILS_SEQ.nextval, 'kn66146ry8b@temporary-mail.net', 'John', 'HUDSON', 1, 1)
Hibernate: 
    INSERT INTO CUSTOMER_CONTACT_DETAILS (CUSTOMER_CONTACT_DETAILS_ID, EMAIL_ADDRESS, FIRST_NAME, LAST_NAME, CUSTOMER_ADDRESS_ID, CUSTOMER_PHONE_NUMBER_ID) VALUES (CUSTOMER_CONTACT_DETAILS_SEQ.nextval, 'ck22xn84vmw@temporary-mail.net', 'Tracey', 'SULLIVAN', 51, 51)
Hibernate: 
    INSERT INTO CUSTOMER_CONTACT_DETAILS (CUSTOMER_CONTACT_DETAILS_ID, EMAIL_ADDRESS, FIRST_NAME, LAST_NAME, CUSTOMER_ADDRESS_ID, CUSTOMER_PHONE_NUMBER_ID) VALUES (CUSTOMER_CONTACT_DETAILS_SEQ.nextval, 'uus6in7jnwm@temporary-mail.net', 'Andrew', 'BENITEZ', 101, 101)
Hibernate: 
    INSERT INTO CUSTOMER_CONTACT_DETAILS (CUSTOMER_CONTACT_DETAILS_ID, EMAIL_ADDRESS, FIRST_NAME, LAST_NAME, CUSTOMER_ADDRESS_ID, CUSTOMER_PHONE_NUMBER_ID) VALUES (CUSTOMER_CONTACT_DETAILS_SEQ.nextval, 'b7mh9k80xz@temporary-mail.net', 'Melissa', 'ROBINSON', 151, 151)
Hibernate: 
    INSERT INTO CUSTOMER_CONTACT_DETAILS (CUSTOMER_CONTACT_DETAILS_ID, EMAIL_ADDRESS, FIRST_NAME, LAST_NAME, CUSTOMER_ADDRESS_ID, CUSTOMER_PHONE_NUMBER_ID) VALUES (CUSTOMER_CONTACT_DETAILS_SEQ.nextval, '3tad726x27c@temporary-mail.net', 'Tina', 'CANNING', 201, 201)
Hibernate: 
    INSERT INTO CUSTOMERS (CUSTOMER_ID, CUSTOMER_REFERENCE, CUSTOMER_TYPE, CUSTOMER_CONTACT_DETAILS_ID) VALUES (CUSTOMERS_SEQ.nextval, 'Customer1', 0, 1)
Hibernate: 
    INSERT INTO CUSTOMERS (CUSTOMER_ID, CUSTOMER_REFERENCE, CUSTOMER_TYPE, CUSTOMER_CONTACT_DETAILS_ID) VALUES (CUSTOMERS_SEQ.nextval, 'Customer2', 1, 51)
Hibernate: 
    INSERT INTO CUSTOMERS (CUSTOMER_ID, CUSTOMER_REFERENCE, CUSTOMER_TYPE, CUSTOMER_CONTACT_DETAILS_ID) VALUES (CUSTOMERS_SEQ.nextval, 'Customer3', 2, 101)
Hibernate: 
    INSERT INTO CUSTOMERS (CUSTOMER_ID, CUSTOMER_REFERENCE, CUSTOMER_TYPE, CUSTOMER_CONTACT_DETAILS_ID) VALUES (CUSTOMERS_SEQ.nextval, 'Customer4', 3, 151)
Hibernate: 
    INSERT INTO CUSTOMERS (CUSTOMER_ID, CUSTOMER_REFERENCE, CUSTOMER_TYPE, CUSTOMER_CONTACT_DETAILS_ID) VALUES (CUSTOMERS_SEQ.nextval, 'Customer5', 4, 201)
2021-03-10 17:12:28 INFO  JtaPlatformInitiator:52 - HHH000490: Using JtaPlatform implementation: [org.hibernate.engine.transaction.jta.platform.internal.NoJtaPlatform]
Hibernate: 
    call next value for CUSTOMERS_SEQ
Hibernate: 
    call next value for CUSTOMER_CONTACT_DETAILS_SEQ
Hibernate: 
    call next value for CUSTOMER_ADDRESS_SEQ
Hibernate: 
    call next value for CUSTOMER_PHONE_NUMBER_SEQ
Hibernate: 
    insert 
    into
        CUSTOMER_ADDRESSES
        (CITY, COUNTRY, STREET_NUMBER, PROVINCE, STREET_NAME, ZIP_CODE, CUSTOMER_ADDRESS_ID) 
    values
        (?, ?, ?, ?, ?, ?, ?)
Hibernate: 
    insert 
    into
        CUSTOMER_PHONE_NUMBERS
        (AREA_CODE, EXCHANGE, EXTENSION, CUSTOMER_PHONE_NUMBER_ID) 
    values
        (?, ?, ?, ?)
Hibernate: 
    insert 
    into
        CUSTOMER_CONTACT_DETAILS
        (CUSTOMER_ADDRESS_ID, EMAIL_ADDRESS, FIRST_NAME, LAST_NAME, CUSTOMER_PHONE_NUMBER_ID, CUSTOMER_CONTACT_DETAILS_ID) 
    values
        (?, ?, ?, ?, ?, ?)
Hibernate: 
    insert 
    into
        CUSTOMERS
        (CUSTOMER_CONTACT_DETAILS_ID, CUSTOMER_REFERENCE, CUSTOMER_TYPE, CUSTOMER_ID) 
    values
        (?, ?, ?, ?)
Hibernate: 
    select
        customeren0_.CUSTOMER_ID as customer1_3_,
        customeren0_.CUSTOMER_CONTACT_DETAILS_ID as customer4_3_,
        customeren0_.CUSTOMER_REFERENCE as customer2_3_,
        customeren0_.CUSTOMER_TYPE as customer3_3_ 
    from
        CUSTOMERS customeren0_
Hibernate: 
    select
        customerco0_.CUSTOMER_CONTACT_DETAILS_ID as customer1_1_0_,
        customerco0_.CUSTOMER_ADDRESS_ID as customer5_1_0_,
        customerco0_.EMAIL_ADDRESS as email_ad2_1_0_,
        customerco0_.FIRST_NAME as first_na3_1_0_,
        customerco0_.LAST_NAME as last_nam4_1_0_,
        customerco0_.CUSTOMER_PHONE_NUMBER_ID as customer6_1_0_,
        customerad1_.CUSTOMER_ADDRESS_ID as customer1_0_1_,
        customerad1_.CITY as city2_0_1_,
        customerad1_.COUNTRY as country3_0_1_,
        customerad1_.STREET_NUMBER as street_n4_0_1_,
        customerad1_.PROVINCE as province5_0_1_,
        customerad1_.STREET_NAME as street_n6_0_1_,
        customerad1_.ZIP_CODE as zip_code7_0_1_,
        customerph2_.CUSTOMER_PHONE_NUMBER_ID as customer1_2_2_,
        customerph2_.AREA_CODE as area_cod2_2_2_,
        customerph2_.EXCHANGE as exchange3_2_2_,
        customerph2_.EXTENSION as extensio4_2_2_,
        customeren3_.CUSTOMER_ID as customer1_3_3_,
        customeren3_.CUSTOMER_CONTACT_DETAILS_ID as customer4_3_3_,
        customeren3_.CUSTOMER_REFERENCE as customer2_3_3_,
        customeren3_.CUSTOMER_TYPE as customer3_3_3_ 
    from
        CUSTOMER_CONTACT_DETAILS customerco0_ 
    left outer join
        CUSTOMER_ADDRESSES customerad1_ 
            on customerco0_.CUSTOMER_ADDRESS_ID=customerad1_.CUSTOMER_ADDRESS_ID 
    left outer join
        CUSTOMER_PHONE_NUMBERS customerph2_ 
            on customerco0_.CUSTOMER_PHONE_NUMBER_ID=customerph2_.CUSTOMER_PHONE_NUMBER_ID 
    left outer join
        CUSTOMERS customeren3_ 
            on customerco0_.CUSTOMER_CONTACT_DETAILS_ID=customeren3_.CUSTOMER_CONTACT_DETAILS_ID 
    where
        customerco0_.CUSTOMER_CONTACT_DETAILS_ID=?
Hibernate: 
    select
        customeren0_.CUSTOMER_ID as customer1_3_3_,
        customeren0_.CUSTOMER_CONTACT_DETAILS_ID as customer4_3_3_,
        customeren0_.CUSTOMER_REFERENCE as customer2_3_3_,
        customeren0_.CUSTOMER_TYPE as customer3_3_3_,
        customerco1_.CUSTOMER_CONTACT_DETAILS_ID as customer1_1_0_,
        customerco1_.CUSTOMER_ADDRESS_ID as customer5_1_0_,
        customerco1_.EMAIL_ADDRESS as email_ad2_1_0_,
        customerco1_.FIRST_NAME as first_na3_1_0_,
        customerco1_.LAST_NAME as last_nam4_1_0_,
        customerco1_.CUSTOMER_PHONE_NUMBER_ID as customer6_1_0_,
        customerad2_.CUSTOMER_ADDRESS_ID as customer1_0_1_,
        customerad2_.CITY as city2_0_1_,
        customerad2_.COUNTRY as country3_0_1_,
        customerad2_.STREET_NUMBER as street_n4_0_1_,
        customerad2_.PROVINCE as province5_0_1_,
        customerad2_.STREET_NAME as street_n6_0_1_,
        customerad2_.ZIP_CODE as zip_code7_0_1_,
        customerph3_.CUSTOMER_PHONE_NUMBER_ID as customer1_2_2_,
        customerph3_.AREA_CODE as area_cod2_2_2_,
        customerph3_.EXCHANGE as exchange3_2_2_,
        customerph3_.EXTENSION as extensio4_2_2_ 
    from
        CUSTOMERS customeren0_ 
    left outer join
        CUSTOMER_CONTACT_DETAILS customerco1_ 
            on customeren0_.CUSTOMER_CONTACT_DETAILS_ID=customerco1_.CUSTOMER_CONTACT_DETAILS_ID 
    left outer join
        CUSTOMER_ADDRESSES customerad2_ 
            on customerco1_.CUSTOMER_ADDRESS_ID=customerad2_.CUSTOMER_ADDRESS_ID 
    left outer join
        CUSTOMER_PHONE_NUMBERS customerph3_ 
            on customerco1_.CUSTOMER_PHONE_NUMBER_ID=customerph3_.CUSTOMER_PHONE_NUMBER_ID 
    where
        customeren0_.CUSTOMER_CONTACT_DETAILS_ID=?
Hibernate: 
    select
        customerco0_.CUSTOMER_CONTACT_DETAILS_ID as customer1_1_0_,
        customerco0_.CUSTOMER_ADDRESS_ID as customer5_1_0_,
        customerco0_.EMAIL_ADDRESS as email_ad2_1_0_,
        customerco0_.FIRST_NAME as first_na3_1_0_,
        customerco0_.LAST_NAME as last_nam4_1_0_,
        customerco0_.CUSTOMER_PHONE_NUMBER_ID as customer6_1_0_,
        customerad1_.CUSTOMER_ADDRESS_ID as customer1_0_1_,
        customerad1_.CITY as city2_0_1_,
        customerad1_.COUNTRY as country3_0_1_,
        customerad1_.STREET_NUMBER as street_n4_0_1_,
        customerad1_.PROVINCE as province5_0_1_,
        customerad1_.STREET_NAME as street_n6_0_1_,
        customerad1_.ZIP_CODE as zip_code7_0_1_,
        customerph2_.CUSTOMER_PHONE_NUMBER_ID as customer1_2_2_,
        customerph2_.AREA_CODE as area_cod2_2_2_,
        customerph2_.EXCHANGE as exchange3_2_2_,
        customerph2_.EXTENSION as extensio4_2_2_,
        customeren3_.CUSTOMER_ID as customer1_3_3_,
        customeren3_.CUSTOMER_CONTACT_DETAILS_ID as customer4_3_3_,
        customeren3_.CUSTOMER_REFERENCE as customer2_3_3_,
        customeren3_.CUSTOMER_TYPE as customer3_3_3_ 
    from
        CUSTOMER_CONTACT_DETAILS customerco0_ 
    left outer join
        CUSTOMER_ADDRESSES customerad1_ 
            on customerco0_.CUSTOMER_ADDRESS_ID=customerad1_.CUSTOMER_ADDRESS_ID 
    left outer join
        CUSTOMER_PHONE_NUMBERS customerph2_ 
            on customerco0_.CUSTOMER_PHONE_NUMBER_ID=customerph2_.CUSTOMER_PHONE_NUMBER_ID 
    left outer join
        CUSTOMERS customeren3_ 
            on customerco0_.CUSTOMER_CONTACT_DETAILS_ID=customeren3_.CUSTOMER_CONTACT_DETAILS_ID 
    where
        customerco0_.CUSTOMER_CONTACT_DETAILS_ID=?
Hibernate: 
    select
        customeren0_.CUSTOMER_ID as customer1_3_3_,
        customeren0_.CUSTOMER_CONTACT_DETAILS_ID as customer4_3_3_,
        customeren0_.CUSTOMER_REFERENCE as customer2_3_3_,
        customeren0_.CUSTOMER_TYPE as customer3_3_3_,
        customerco1_.CUSTOMER_CONTACT_DETAILS_ID as customer1_1_0_,
        customerco1_.CUSTOMER_ADDRESS_ID as customer5_1_0_,
        customerco1_.EMAIL_ADDRESS as email_ad2_1_0_,
        customerco1_.FIRST_NAME as first_na3_1_0_,
        customerco1_.LAST_NAME as last_nam4_1_0_,
        customerco1_.CUSTOMER_PHONE_NUMBER_ID as customer6_1_0_,
        customerad2_.CUSTOMER_ADDRESS_ID as customer1_0_1_,
        customerad2_.CITY as city2_0_1_,
        customerad2_.COUNTRY as country3_0_1_,
        customerad2_.STREET_NUMBER as street_n4_0_1_,
        customerad2_.PROVINCE as province5_0_1_,
        customerad2_.STREET_NAME as street_n6_0_1_,
        customerad2_.ZIP_CODE as zip_code7_0_1_,
        customerph3_.CUSTOMER_PHONE_NUMBER_ID as customer1_2_2_,
        customerph3_.AREA_CODE as area_cod2_2_2_,
        customerph3_.EXCHANGE as exchange3_2_2_,
        customerph3_.EXTENSION as extensio4_2_2_ 
    from
        CUSTOMERS customeren0_ 
    left outer join
        CUSTOMER_CONTACT_DETAILS customerco1_ 
            on customeren0_.CUSTOMER_CONTACT_DETAILS_ID=customerco1_.CUSTOMER_CONTACT_DETAILS_ID 
    left outer join
        CUSTOMER_ADDRESSES customerad2_ 
            on customerco1_.CUSTOMER_ADDRESS_ID=customerad2_.CUSTOMER_ADDRESS_ID 
    left outer join
        CUSTOMER_PHONE_NUMBERS customerph3_ 
            on customerco1_.CUSTOMER_PHONE_NUMBER_ID=customerph3_.CUSTOMER_PHONE_NUMBER_ID 
    where
        customeren0_.CUSTOMER_CONTACT_DETAILS_ID=?
Hibernate: 
    select
        customerco0_.CUSTOMER_CONTACT_DETAILS_ID as customer1_1_0_,
        customerco0_.CUSTOMER_ADDRESS_ID as customer5_1_0_,
        customerco0_.EMAIL_ADDRESS as email_ad2_1_0_,
        customerco0_.FIRST_NAME as first_na3_1_0_,
        customerco0_.LAST_NAME as last_nam4_1_0_,
        customerco0_.CUSTOMER_PHONE_NUMBER_ID as customer6_1_0_,
        customerad1_.CUSTOMER_ADDRESS_ID as customer1_0_1_,
        customerad1_.CITY as city2_0_1_,
        customerad1_.COUNTRY as country3_0_1_,
        customerad1_.STREET_NUMBER as street_n4_0_1_,
        customerad1_.PROVINCE as province5_0_1_,
        customerad1_.STREET_NAME as street_n6_0_1_,
        customerad1_.ZIP_CODE as zip_code7_0_1_,
        customerph2_.CUSTOMER_PHONE_NUMBER_ID as customer1_2_2_,
        customerph2_.AREA_CODE as area_cod2_2_2_,
        customerph2_.EXCHANGE as exchange3_2_2_,
        customerph2_.EXTENSION as extensio4_2_2_,
        customeren3_.CUSTOMER_ID as customer1_3_3_,
        customeren3_.CUSTOMER_CONTACT_DETAILS_ID as customer4_3_3_,
        customeren3_.CUSTOMER_REFERENCE as customer2_3_3_,
        customeren3_.CUSTOMER_TYPE as customer3_3_3_ 
    from
        CUSTOMER_CONTACT_DETAILS customerco0_ 
    left outer join
        CUSTOMER_ADDRESSES customerad1_ 
            on customerco0_.CUSTOMER_ADDRESS_ID=customerad1_.CUSTOMER_ADDRESS_ID 
    left outer join
        CUSTOMER_PHONE_NUMBERS customerph2_ 
            on customerco0_.CUSTOMER_PHONE_NUMBER_ID=customerph2_.CUSTOMER_PHONE_NUMBER_ID 
    left outer join
        CUSTOMERS customeren3_ 
            on customerco0_.CUSTOMER_CONTACT_DETAILS_ID=customeren3_.CUSTOMER_CONTACT_DETAILS_ID 
    where
        customerco0_.CUSTOMER_CONTACT_DETAILS_ID=?
Hibernate: 
    select
        customeren0_.CUSTOMER_ID as customer1_3_3_,
        customeren0_.CUSTOMER_CONTACT_DETAILS_ID as customer4_3_3_,
        customeren0_.CUSTOMER_REFERENCE as customer2_3_3_,
        customeren0_.CUSTOMER_TYPE as customer3_3_3_,
        customerco1_.CUSTOMER_CONTACT_DETAILS_ID as customer1_1_0_,
        customerco1_.CUSTOMER_ADDRESS_ID as customer5_1_0_,
        customerco1_.EMAIL_ADDRESS as email_ad2_1_0_,
        customerco1_.FIRST_NAME as first_na3_1_0_,
        customerco1_.LAST_NAME as last_nam4_1_0_,
        customerco1_.CUSTOMER_PHONE_NUMBER_ID as customer6_1_0_,
        customerad2_.CUSTOMER_ADDRESS_ID as customer1_0_1_,
        customerad2_.CITY as city2_0_1_,
        customerad2_.COUNTRY as country3_0_1_,
        customerad2_.STREET_NUMBER as street_n4_0_1_,
        customerad2_.PROVINCE as province5_0_1_,
        customerad2_.STREET_NAME as street_n6_0_1_,
        customerad2_.ZIP_CODE as zip_code7_0_1_,
        customerph3_.CUSTOMER_PHONE_NUMBER_ID as customer1_2_2_,
        customerph3_.AREA_CODE as area_cod2_2_2_,
        customerph3_.EXCHANGE as exchange3_2_2_,
        customerph3_.EXTENSION as extensio4_2_2_ 
    from
        CUSTOMERS customeren0_ 
    left outer join
        CUSTOMER_CONTACT_DETAILS customerco1_ 
            on customeren0_.CUSTOMER_CONTACT_DETAILS_ID=customerco1_.CUSTOMER_CONTACT_DETAILS_ID 
    left outer join
        CUSTOMER_ADDRESSES customerad2_ 
            on customerco1_.CUSTOMER_ADDRESS_ID=customerad2_.CUSTOMER_ADDRESS_ID 
    left outer join
        CUSTOMER_PHONE_NUMBERS customerph3_ 
            on customerco1_.CUSTOMER_PHONE_NUMBER_ID=customerph3_.CUSTOMER_PHONE_NUMBER_ID 
    where
        customeren0_.CUSTOMER_CONTACT_DETAILS_ID=?
Hibernate: 
    select
        customerco0_.CUSTOMER_CONTACT_DETAILS_ID as customer1_1_0_,
        customerco0_.CUSTOMER_ADDRESS_ID as customer5_1_0_,
        customerco0_.EMAIL_ADDRESS as email_ad2_1_0_,
        customerco0_.FIRST_NAME as first_na3_1_0_,
        customerco0_.LAST_NAME as last_nam4_1_0_,
        customerco0_.CUSTOMER_PHONE_NUMBER_ID as customer6_1_0_,
        customerad1_.CUSTOMER_ADDRESS_ID as customer1_0_1_,
        customerad1_.CITY as city2_0_1_,
        customerad1_.COUNTRY as country3_0_1_,
        customerad1_.STREET_NUMBER as street_n4_0_1_,
        customerad1_.PROVINCE as province5_0_1_,
        customerad1_.STREET_NAME as street_n6_0_1_,
        customerad1_.ZIP_CODE as zip_code7_0_1_,
        customerph2_.CUSTOMER_PHONE_NUMBER_ID as customer1_2_2_,
        customerph2_.AREA_CODE as area_cod2_2_2_,
        customerph2_.EXCHANGE as exchange3_2_2_,
        customerph2_.EXTENSION as extensio4_2_2_,
        customeren3_.CUSTOMER_ID as customer1_3_3_,
        customeren3_.CUSTOMER_CONTACT_DETAILS_ID as customer4_3_3_,
        customeren3_.CUSTOMER_REFERENCE as customer2_3_3_,
        customeren3_.CUSTOMER_TYPE as customer3_3_3_ 
    from
        CUSTOMER_CONTACT_DETAILS customerco0_ 
    left outer join
        CUSTOMER_ADDRESSES customerad1_ 
            on customerco0_.CUSTOMER_ADDRESS_ID=customerad1_.CUSTOMER_ADDRESS_ID 
    left outer join
        CUSTOMER_PHONE_NUMBERS customerph2_ 
            on customerco0_.CUSTOMER_PHONE_NUMBER_ID=customerph2_.CUSTOMER_PHONE_NUMBER_ID 
    left outer join
        CUSTOMERS customeren3_ 
            on customerco0_.CUSTOMER_CONTACT_DETAILS_ID=customeren3_.CUSTOMER_CONTACT_DETAILS_ID 
    where
        customerco0_.CUSTOMER_CONTACT_DETAILS_ID=?
Hibernate: 
    select
        customeren0_.CUSTOMER_ID as customer1_3_3_,
        customeren0_.CUSTOMER_CONTACT_DETAILS_ID as customer4_3_3_,
        customeren0_.CUSTOMER_REFERENCE as customer2_3_3_,
        customeren0_.CUSTOMER_TYPE as customer3_3_3_,
        customerco1_.CUSTOMER_CONTACT_DETAILS_ID as customer1_1_0_,
        customerco1_.CUSTOMER_ADDRESS_ID as customer5_1_0_,
        customerco1_.EMAIL_ADDRESS as email_ad2_1_0_,
        customerco1_.FIRST_NAME as first_na3_1_0_,
        customerco1_.LAST_NAME as last_nam4_1_0_,
        customerco1_.CUSTOMER_PHONE_NUMBER_ID as customer6_1_0_,
        customerad2_.CUSTOMER_ADDRESS_ID as customer1_0_1_,
        customerad2_.CITY as city2_0_1_,
        customerad2_.COUNTRY as country3_0_1_,
        customerad2_.STREET_NUMBER as street_n4_0_1_,
        customerad2_.PROVINCE as province5_0_1_,
        customerad2_.STREET_NAME as street_n6_0_1_,
        customerad2_.ZIP_CODE as zip_code7_0_1_,
        customerph3_.CUSTOMER_PHONE_NUMBER_ID as customer1_2_2_,
        customerph3_.AREA_CODE as area_cod2_2_2_,
        customerph3_.EXCHANGE as exchange3_2_2_,
        customerph3_.EXTENSION as extensio4_2_2_ 
    from
        CUSTOMERS customeren0_ 
    left outer join
        CUSTOMER_CONTACT_DETAILS customerco1_ 
            on customeren0_.CUSTOMER_CONTACT_DETAILS_ID=customerco1_.CUSTOMER_CONTACT_DETAILS_ID 
    left outer join
        CUSTOMER_ADDRESSES customerad2_ 
            on customerco1_.CUSTOMER_ADDRESS_ID=customerad2_.CUSTOMER_ADDRESS_ID 
    left outer join
        CUSTOMER_PHONE_NUMBERS customerph3_ 
            on customerco1_.CUSTOMER_PHONE_NUMBER_ID=customerph3_.CUSTOMER_PHONE_NUMBER_ID 
    where
        customeren0_.CUSTOMER_CONTACT_DETAILS_ID=?
Hibernate: 
    select
        customerco0_.CUSTOMER_CONTACT_DETAILS_ID as customer1_1_0_,
        customerco0_.CUSTOMER_ADDRESS_ID as customer5_1_0_,
        customerco0_.EMAIL_ADDRESS as email_ad2_1_0_,
        customerco0_.FIRST_NAME as first_na3_1_0_,
        customerco0_.LAST_NAME as last_nam4_1_0_,
        customerco0_.CUSTOMER_PHONE_NUMBER_ID as customer6_1_0_,
        customerad1_.CUSTOMER_ADDRESS_ID as customer1_0_1_,
        customerad1_.CITY as city2_0_1_,
        customerad1_.COUNTRY as country3_0_1_,
        customerad1_.STREET_NUMBER as street_n4_0_1_,
        customerad1_.PROVINCE as province5_0_1_,
        customerad1_.STREET_NAME as street_n6_0_1_,
        customerad1_.ZIP_CODE as zip_code7_0_1_,
        customerph2_.CUSTOMER_PHONE_NUMBER_ID as customer1_2_2_,
        customerph2_.AREA_CODE as area_cod2_2_2_,
        customerph2_.EXCHANGE as exchange3_2_2_,
        customerph2_.EXTENSION as extensio4_2_2_,
        customeren3_.CUSTOMER_ID as customer1_3_3_,
        customeren3_.CUSTOMER_CONTACT_DETAILS_ID as customer4_3_3_,
        customeren3_.CUSTOMER_REFERENCE as customer2_3_3_,
        customeren3_.CUSTOMER_TYPE as customer3_3_3_ 
    from
        CUSTOMER_CONTACT_DETAILS customerco0_ 
    left outer join
        CUSTOMER_ADDRESSES customerad1_ 
            on customerco0_.CUSTOMER_ADDRESS_ID=customerad1_.CUSTOMER_ADDRESS_ID 
    left outer join
        CUSTOMER_PHONE_NUMBERS customerph2_ 
            on customerco0_.CUSTOMER_PHONE_NUMBER_ID=customerph2_.CUSTOMER_PHONE_NUMBER_ID 
    left outer join
        CUSTOMERS customeren3_ 
            on customerco0_.CUSTOMER_CONTACT_DETAILS_ID=customeren3_.CUSTOMER_CONTACT_DETAILS_ID 
    where
        customerco0_.CUSTOMER_CONTACT_DETAILS_ID=?
Hibernate: 
    select
        customeren0_.CUSTOMER_ID as customer1_3_3_,
        customeren0_.CUSTOMER_CONTACT_DETAILS_ID as customer4_3_3_,
        customeren0_.CUSTOMER_REFERENCE as customer2_3_3_,
        customeren0_.CUSTOMER_TYPE as customer3_3_3_,
        customerco1_.CUSTOMER_CONTACT_DETAILS_ID as customer1_1_0_,
        customerco1_.CUSTOMER_ADDRESS_ID as customer5_1_0_,
        customerco1_.EMAIL_ADDRESS as email_ad2_1_0_,
        customerco1_.FIRST_NAME as first_na3_1_0_,
        customerco1_.LAST_NAME as last_nam4_1_0_,
        customerco1_.CUSTOMER_PHONE_NUMBER_ID as customer6_1_0_,
        customerad2_.CUSTOMER_ADDRESS_ID as customer1_0_1_,
        customerad2_.CITY as city2_0_1_,
        customerad2_.COUNTRY as country3_0_1_,
        customerad2_.STREET_NUMBER as street_n4_0_1_,
        customerad2_.PROVINCE as province5_0_1_,
        customerad2_.STREET_NAME as street_n6_0_1_,
        customerad2_.ZIP_CODE as zip_code7_0_1_,
        customerph3_.CUSTOMER_PHONE_NUMBER_ID as customer1_2_2_,
        customerph3_.AREA_CODE as area_cod2_2_2_,
        customerph3_.EXCHANGE as exchange3_2_2_,
        customerph3_.EXTENSION as extensio4_2_2_ 
    from
        CUSTOMERS customeren0_ 
    left outer join
        CUSTOMER_CONTACT_DETAILS customerco1_ 
            on customeren0_.CUSTOMER_CONTACT_DETAILS_ID=customerco1_.CUSTOMER_CONTACT_DETAILS_ID 
    left outer join
        CUSTOMER_ADDRESSES customerad2_ 
            on customerco1_.CUSTOMER_ADDRESS_ID=customerad2_.CUSTOMER_ADDRESS_ID 
    left outer join
        CUSTOMER_PHONE_NUMBERS customerph3_ 
            on customerco1_.CUSTOMER_PHONE_NUMBER_ID=customerph3_.CUSTOMER_PHONE_NUMBER_ID 
    where
        customeren0_.CUSTOMER_CONTACT_DETAILS_ID=?
Hibernate: 
    select
        customeren0_.CUSTOMER_ID as customer1_3_,
        customeren0_.CUSTOMER_CONTACT_DETAILS_ID as customer4_3_,
        customeren0_.CUSTOMER_REFERENCE as customer2_3_,
        customeren0_.CUSTOMER_TYPE as customer3_3_ 
    from
        CUSTOMERS customeren0_ 
    where
        customeren0_.CUSTOMER_ID=?
Hibernate: 
    update
        CUSTOMERS 
    set
        CUSTOMER_CONTACT_DETAILS_ID=?,
        CUSTOMER_REFERENCE=?,
        CUSTOMER_TYPE=? 
    where
        CUSTOMER_ID=?
Hibernate: 
    select
        customeren0_.CUSTOMER_ID as customer1_3_,
        customeren0_.CUSTOMER_CONTACT_DETAILS_ID as customer4_3_,
        customeren0_.CUSTOMER_REFERENCE as customer2_3_,
        customeren0_.CUSTOMER_TYPE as customer3_3_ 
    from
        CUSTOMERS customeren0_ 
    where
        customeren0_.CUSTOMER_ID=?
Hibernate: 
    delete 
    from
        CUSTOMERS 
    where
        CUSTOMER_ID=?
Hibernate: 
    delete 
    from
        CUSTOMER_CONTACT_DETAILS 
    where
        CUSTOMER_CONTACT_DETAILS_ID=?
Hibernate: 
    delete 
    from
        CUSTOMER_ADDRESSES 
    where
        CUSTOMER_ADDRESS_ID=?
Hibernate: 
    delete 
    from
        CUSTOMER_PHONE_NUMBERS 
    where
        CUSTOMER_PHONE_NUMBER_ID=?
Hibernate: 
    select
        customeren0_.CUSTOMER_ID as customer1_3_,
        customeren0_.CUSTOMER_CONTACT_DETAILS_ID as customer4_3_,
        customeren0_.CUSTOMER_REFERENCE as customer2_3_,
        customeren0_.CUSTOMER_TYPE as customer3_3_ 
    from
        CUSTOMERS customeren0_ 
    where
        customeren0_.CUSTOMER_ID=?
2021-03-10 17:12:28 INFO  SchemaDropperImpl$DelayedDropActionImpl:526 - HHH000477: Starting delayed evictData of schema as part of SessionFactory shut-down'
Hibernate: 
    
    drop table if exists CUSTOMER_ADDRESSES CASCADE 
2021-03-10 17:12:28 INFO  access:47 - HHH10001501: Connection obtained from JdbcConnectionAccess [org.hibernate.engine.jdbc.env.internal.JdbcEnvironmentInitiator$ConnectionProviderJdbcConnectionAccess@14292d71] for (non-JTA) DDL execution was not in auto-commit mode; the Connection 'local transaction' will be committed and the Connection will be set into auto-commit mode.
2021-03-10 17:12:30 ERROR SchemaDropperImpl$DelayedDropActionImpl:547 - HHH000478: Unsuccessful: 
    drop table if exists CUSTOMER_ADDRESSES CASCADE 
Hibernate: 
    
    drop table if exists CUSTOMER_CONTACT_DETAILS CASCADE 
2021-03-10 17:12:32 ERROR SchemaDropperImpl$DelayedDropActionImpl:547 - HHH000478: Unsuccessful: 
    drop table if exists CUSTOMER_CONTACT_DETAILS CASCADE 
Hibernate: 
    
    drop table if exists CUSTOMER_PHONE_NUMBERS CASCADE 
2021-03-10 17:12:34 ERROR SchemaDropperImpl$DelayedDropActionImpl:547 - HHH000478: Unsuccessful: 
    drop table if exists CUSTOMER_PHONE_NUMBERS CASCADE 
Hibernate: 
    
    drop table if exists CUSTOMERS CASCADE 
2021-03-10 17:12:36 ERROR SchemaDropperImpl$DelayedDropActionImpl:547 - HHH000478: Unsuccessful: 
    drop table if exists CUSTOMERS CASCADE 
Hibernate: 
    
    drop sequence if exists CUSTOMER_ADDRESS_SEQ
Hibernate: 
    
    drop sequence if exists CUSTOMER_CONTACT_DETAILS_SEQ
Hibernate: 
    
    drop sequence if exists CUSTOMER_PHONE_NUMBER_SEQ
Hibernate: 
    
    drop sequence if exists CUSTOMERS_SEQ
2021-03-10 17:12:36 INFO  pooling:428 - HHH10001008: Cleaning up connection pool [jdbc:h2:mem:customers]
2021-03-10 17:12:36 ERROR DriverManagerConnectionProviderImpl:310 - Connection leak detected: there are 1 unclosed connections upon shutting down pool jdbc:h2:mem:customers
[INFO] Tests run: 1, Failures: 0, Errors: 0, Skipped: 0, Time elapsed: 9.13 s - in fr.simplex_software.micro_services_without_spring.customers.tests.TestEntities
[INFO] Running fr.simplex_software.micro_services_without_spring.customers.tests.TestCustomers
[INFO] Tests run: 8, Failures: 0, Errors: 0, Skipped: 0, Time elapsed: 0.158 s - in fr.simplex_software.micro_services_without_spring.customers.tests.TestCustomers
[INFO] Running fr.simplex_software.micro_services_without_spring.customers.tests.TestUriBuilderProducer
[INFO] Tests run: 1, Failures: 0, Errors: 0, Skipped: 0, Time elapsed: 0.007 s - in fr.simplex_software.micro_services_without_spring.customers.tests.TestUriBuilderProducer
[INFO] 
[INFO] Results:
[INFO] 
[INFO] Tests run: 11, Failures: 0, Errors: 0, Skipped: 0
[INFO] 
[INFO] 
[INFO] --- jacoco-maven-plugin:0.8.6:restore-instrumented-classes (restore-ut) @ customers ---
[INFO] 
[INFO] --- maven-war-plugin:3.3.1:war (default-war) @ customers ---
[INFO] Packaging webapp
[INFO] Assembling webapp [customers] in [/home/nicolas/IdeaProjects/micro-services-without-spring/customers/target/customers]
[INFO] Processing war project
[INFO] Copying webapp resources [/home/nicolas/IdeaProjects/micro-services-without-spring/customers/src/main/webapp]
[INFO] Building war: /home/nicolas/IdeaProjects/micro-services-without-spring/customers/target/customers.war
[INFO] 
[INFO] --- wildfly-jar-maven-plugin:2.0.0.Final:package (default) @ customers ---
[INFO] Provisioning server configuration based on the set of configured layers
[INFO] Building server based on [[wildfly@maven(org.jboss.universe:community-universe)#21.0.0.Final inherit-packages=false inheritConfigs=false]] galleon feature-packs
[INFO] Found boot artifact org.wildfly.core:wildfly-jar-boot:jar:13.0.1.Final:provided in wildfly-core@maven(org.jboss.universe:community-universe):current#13.0.1.Final
[INFO] Executing CLI, Server configuration
[INFO] CLI scripts execution done.
[INFO] 
[INFO] --- dockerfile-maven-plugin:1.4.13:build (default) @ customers ---
[INFO] Using Google application default credentials
[INFO] loaded credentials for user account with clientId=32555940559.apps.googleusercontent.com
[INFO] dockerfile: /home/nicolas/IdeaProjects/micro-services-without-spring/customers/Dockerfile-bootable
[INFO] contextDirectory: /home/nicolas/IdeaProjects/micro-services-without-spring/customers
[INFO] Building Docker context /home/nicolas/IdeaProjects/micro-services-without-spring/customers
[INFO] Path(dockerfile): /home/nicolas/IdeaProjects/micro-services-without-spring/customers/Dockerfile-bootable
[INFO] Path(contextDirectory): /home/nicolas/IdeaProjects/micro-services-without-spring/customers
[INFO] 
[INFO] Image will be built as customers:1.0-SNAPSHOT
[INFO] 
[INFO] Step 1/7 : FROM adoptopenjdk/openjdk11
[INFO] 
[INFO] Pulling from adoptopenjdk/openjdk11
[INFO] Digest: sha256:0c88193651fc5baccc1dda38a0782e4367ce5a67ba68b13d9ad2461e8836978b
[INFO] Status: Image is up to date for adoptopenjdk/openjdk11:latest
[INFO]  ---> e6c8ea0feb8b
[INFO] Step 2/7 : RUN apt-get install curl
[INFO] 
[INFO]  ---> Using cache
[INFO]  ---> c0b74113fcb7
[INFO] Step 3/7 : COPY target/customers-bootable.jar /opt/customers-bootable.jar
[INFO] 
[INFO]  ---> c6228706840b
[INFO] Step 4/7 : HEALTHCHECK --start-period=10s --timeout=60s --retries=10 --interval=5s CMD curl -f http://localhost:9990/health/ready || exit 1
[INFO] 
[INFO]  ---> Running in a8bce7394145
[INFO] Removing intermediate container a8bce7394145
[INFO]  ---> 2946c5f73c1e
[INFO] Step 5/7 : ENV JAVA_OPTS="-Djboss.bind.address=0.0.0.0 -Djboss.bind.address.management=0.0.0.0 -Djboss.http.port=8080 -Djboss.management.http.port=9990"
[INFO] 
[INFO]  ---> Running in 232fe0a5967c
[INFO] Removing intermediate container 232fe0a5967c
[INFO]  ---> 024d2e32db06
[INFO] Step 6/7 : EXPOSE 8080 9990
[INFO] 
[INFO]  ---> Running in 263c5181c7b0
[INFO] Removing intermediate container 263c5181c7b0
[INFO]  ---> f66a2bda56f7
[INFO] Step 7/7 : ENTRYPOINT exec java -jar $JAVA_OPTS /opt/customers-bootable.jar
[INFO] 
[INFO]  ---> Running in 8210bf96a8fd
[INFO] Removing intermediate container 8210bf96a8fd
[INFO]  ---> 05894e39b174
[INFO] Successfully built 05894e39b174
[INFO] Successfully tagged customers:1.0-SNAPSHOT
[INFO] 
[INFO] Detected build of image with id 05894e39b174
[INFO] Successfully built customers:1.0-SNAPSHOT
[INFO] 
[INFO] --- jacoco-maven-plugin:0.8.6:instrument (instrument-it) @ customers ---
[INFO] 
[INFO] --- maven-failsafe-plugin:2.22.2:integration-test (integration-test) @ customers ---
[INFO] 
[INFO] -------------------------------------------------------
[INFO]  T E S T S
[INFO] -------------------------------------------------------
[INFO] Running fr.simplex_software.micro_services_without_spring.customers.tests.bootable.CustomersIT
2021-03-10 17:13:15 INFO  DockerClientProviderStrategy:110 - Loaded org.testcontainers.dockerclient.EnvironmentAndSystemPropertyClientProviderStrategy from ~/.testcontainers.properties, will try it first
2021-03-10 17:13:15 INFO  EnvironmentAndSystemPropertyClientProviderStrategy:47 - Found docker client settings from environment
2021-03-10 17:13:15 INFO  DockerClientProviderStrategy:119 - Found Docker environment with Environment variables, system properties and defaults. Resolved dockerHost=unix:///var/run/docker.sock
2021-03-10 17:13:15 INFO  DockerClientFactory:150 - Docker host IP address is localhost
2021-03-10 17:13:15 INFO  DockerClientFactory:157 - Connected to docker: 
  Server Version: 19.03.13
  API Version: 1.40
  Operating System: Ubuntu 20.04.2 LTS
  Total Memory: 31755 MB
2021-03-10 17:13:16 INFO  DockerClientFactory:169 - Ryuk started - will monitor and terminate Testcontainers containers on JVM exit
2021-03-10 17:13:16 INFO  DockerClientFactory:180 - Checking the system...
2021-03-10 17:13:16 INFO  DockerClientFactory:237 - ‚úîÔ∏é Docker server version should be at least 1.6.0
2021-03-10 17:13:16 INFO  DockerClientFactory:237 - ‚úîÔ∏é Docker environment should have more than 2GB free disk space
2021-03-10 17:13:22 INFO  ImageFromDockerfile:136 - Transferred 141 MB to Docker daemon
2021-03-10 17:13:22 WARN  ImageFromDockerfile:138 - A large amount of data was sent to the Docker daemon (141 MB). Consider using a .dockerignore file for better performance.
2021-03-10 17:13:24 INFO  üê≥ [testcontainers/9tc9vbfkvphtkcp7:latest]:357 - Creating container for image: testcontainers/9tc9vbfkvphtkcp7:latest
2021-03-10 17:13:24 INFO  üê≥ [testcontainers/9tc9vbfkvphtkcp7:latest]:418 - Starting container with ID: 6c402a47ffc3062f7e84d4ebd330597bd9cd1a96df911f3ceddadfa47b9c8e1d
2021-03-10 17:13:25 INFO  üê≥ [testcontainers/9tc9vbfkvphtkcp7:latest]:422 - Container testcontainers/9tc9vbfkvphtkcp7:latest is starting: 6c402a47ffc3062f7e84d4ebd330597bd9cd1a96df911f3ceddadfa47b9c8e1d
2021-03-10 17:13:27 INFO  TestBase:64 - STDOUT: 16:13:27,522 INFO  [org.wildfly.jar] (main) WFLYJAR0007: Installed server and application in /tmp/wildfly-bootable-server8494488803314050144, took 1336ms
2021-03-10 17:13:27 INFO  TestBase:64 - STDOUT: 16:13:27,700 INFO  [org.wildfly.jar] (main) WFLYJAR0008: Server options: [--read-only-server-config=standalone.xml]
2021-03-10 17:13:27 INFO  TestBase:64 - STDOUT: 16:13:27,754 INFO  [org.jboss.msc] (main) JBoss MSC version 1.4.12.Final
2021-03-10 17:13:27 INFO  TestBase:64 - STDOUT: 16:13:27,759 INFO  [org.jboss.threads] (main) JBoss Threads version 2.4.0.Final
2021-03-10 17:13:27 INFO  TestBase:64 - STDOUT: 16:13:27,866 INFO  [org.jboss.as] (MSC service thread 1-2) WFLYSRV0049: WildFly Full 21.0.0.Final (WildFly Core 13.0.1.Final) starting
2021-03-10 17:13:28 INFO  TestBase:64 - STDOUT: 16:13:28,370 INFO  [org.wildfly.security] (ServerService Thread Pool -- 14) ELY00001: WildFly Elytron version 1.13.1.Final
2021-03-10 17:13:28 INFO  TestBase:64 - STDOUT: 16:13:28,738 INFO  [org.jboss.as.server] (Controller Boot Thread) WFLYSRV0039: Creating http management service using socket-binding (management-http)
2021-03-10 17:13:28 INFO  TestBase:64 - STDOUT: 16:13:28,748 INFO  [org.xnio] (MSC service thread 1-2) XNIO version 3.8.2.Final
2021-03-10 17:13:28 INFO  TestBase:64 - STDOUT: 16:13:28,754 INFO  [org.xnio.nio] (MSC service thread 1-2) XNIO NIO Implementation Version 3.8.2.Final
2021-03-10 17:13:28 INFO  TestBase:64 - STDOUT: 16:13:28,774 INFO  [org.jboss.as.clustering.infinispan] (ServerService Thread Pool -- 31) WFLYCLINF0001: Activating Infinispan subsystem.
2021-03-10 17:13:28 INFO  TestBase:64 - STDOUT: 16:13:28,790 INFO  [org.jboss.remoting] (MSC service thread 1-5) JBoss Remoting version 5.0.19.Final
2021-03-10 17:13:28 INFO  TestBase:64 - STDOUT: 16:13:28,790 INFO  [org.jboss.as.connector] (MSC service thread 1-6) WFLYJCA0009: Starting JCA Subsystem (WildFly/IronJacamar 1.4.23.Final)
2021-03-10 17:13:28 INFO  TestBase:64 - STDOUT: 16:13:28,793 INFO  [org.jboss.as.jaxrs] (ServerService Thread Pool -- 33) WFLYRS0016: RESTEasy version 3.13.2.Final
2021-03-10 17:13:28 INFO  TestBase:64 - STDOUT: 16:13:28,795 INFO  [org.jboss.as.connector.subsystems.datasources] (ServerService Thread Pool -- 28) WFLYJCA0004: Deploying JDBC-compliant driver class org.h2.Driver (version 1.4)
2021-03-10 17:13:28 INFO  TestBase:64 - STDOUT: 16:13:28,806 INFO  [org.wildfly.extension.microprofile.config.smallrye._private] (ServerService Thread Pool -- 37) WFLYCONF0001: Activating WildFly MicroProfile Config Subsystem
2021-03-10 17:13:28 INFO  TestBase:64 - STDOUT: 16:13:28,806 INFO  [org.jboss.as.connector.deployers.jdbc] (MSC service thread 1-8) WFLYJCA0018: Started Driver service with driver-name = h2
2021-03-10 17:13:28 INFO  TestBase:64 - STDOUT: 16:13:28,833 INFO  [org.wildfly.extension.io] (ServerService Thread Pool -- 32) WFLYIO001: Worker 'default' has auto-configured to 24 IO threads with 192 max task threads based on your 12 available processors
2021-03-10 17:13:28 INFO  TestBase:64 - STDOUT: 16:13:28,841 INFO  [org.wildfly.extension.microprofile.health.smallrye] (ServerService Thread Pool -- 38) WFLYHEALTH0001: Activating Eclipse MicroProfile Health Subsystem
2021-03-10 17:13:28 INFO  TestBase:64 - STDOUT: 16:13:28,841 INFO  [org.wildfly.extension.microprofile.openapi.smallrye] (ServerService Thread Pool -- 40) WFLYMPOAI0001: Activating Eclipse MicroProfile OpenAPI Subsystem
2021-03-10 17:13:28 INFO  TestBase:64 - STDOUT: 16:13:28,843 INFO  [org.jboss.as.naming] (ServerService Thread Pool -- 42) WFLYNAM0001: Activating Naming Subsystem
2021-03-10 17:13:28 INFO  TestBase:64 - STDOUT: 16:13:28,844 INFO  [org.wildfly.extension.microprofile.opentracing] (ServerService Thread Pool -- 41) WFLYTRACEXT0001: Activating MicroProfile OpenTracing Subsystem
2021-03-10 17:13:28 INFO  TestBase:64 - STDOUT: 16:13:28,837 WARN  [org.jboss.as.txn] (ServerService Thread Pool -- 45) WFLYTX0013: The node-identifier attribute on the /subsystem=transactions is set to the default value. This is a danger for environments running multiple servers. Please make sure the attribute value is unique.
2021-03-10 17:13:28 INFO  TestBase:64 - STDOUT: 16:13:28,853 INFO  [org.wildfly.extension.microprofile.metrics.smallrye] (ServerService Thread Pool -- 39) WFLYMETRICS0001: Activating Eclipse MicroProfile Metrics Subsystem
2021-03-10 17:13:28 INFO  TestBase:64 - STDOUT: 16:13:28,853 INFO  [org.jboss.as.naming] (MSC service thread 1-8) WFLYNAM0003: Starting Naming Service
2021-03-10 17:13:28 INFO  TestBase:64 - STDOUT: 16:13:28,864 INFO  [org.wildfly.extension.undertow] (MSC service thread 1-8) WFLYUT0003: Undertow 2.2.2.Final starting
2021-03-10 17:13:28 INFO  TestBase:64 - STDOUT: 16:13:28,919 INFO  [org.wildfly.extension.undertow] (MSC service thread 1-2) WFLYUT0012: Started server default-server.
2021-03-10 17:13:28 INFO  TestBase:64 - STDOUT: 16:13:28,922 INFO  [org.wildfly.extension.undertow] (MSC service thread 1-6) WFLYUT0018: Host default-host starting
2021-03-10 17:13:28 INFO  TestBase:64 - STDOUT: 16:13:28,935 WARN  [org.jboss.as.domain.http.api.undertow] (MSC service thread 1-4) WFLYDMHTTP0003: Unable to load console module for slot main, disabling console
2021-03-10 17:13:28 INFO  TestBase:64 - STDOUT: 16:13:28,947 INFO  [org.wildfly.extension.undertow] (MSC service thread 1-5) WFLYUT0006: Undertow HTTP listener default listening on 0.0.0.0:8080
2021-03-10 17:13:28 INFO  TestBase:64 - STDOUT: 16:13:28,955 INFO  [org.jboss.as.patching] (MSC service thread 1-3) WFLYPAT0050: WildFly Full cumulative patch ID is: base, one-off patches include: none
2021-03-10 17:13:28 INFO  TestBase:64 - STDOUT: 16:13:28,964 WARN  [org.jboss.as.domain.management.security] (MSC service thread 1-8) WFLYDM0111: Keystore /tmp/wildfly-bootable-server8494488803314050144/standalone/configuration/application.keystore not found, it will be auto generated on first use with a self signed certificate for host localhost
2021-03-10 17:13:28 INFO  TestBase:64 - STDOUT: 16:13:28,976 INFO  [org.jboss.as.server.deployment] (MSC service thread 1-5) WFLYSRV0027: Starting deployment of "customers.war" (runtime-name: "ROOT.war")
2021-03-10 17:13:29 INFO  TestBase:64 - STDOUT: 16:13:29,085 INFO  [org.jboss.as.connector.subsystems.datasources] (MSC service thread 1-7) WFLYJCA0001: Bound data source [java:jboss/datasources/ExampleDS]
2021-03-10 17:13:29 INFO  üê≥ [testcontainers/9tc9vbfkvphtkcp7:latest]:476 - Container testcontainers/9tc9vbfkvphtkcp7:latest started in PT13.522997S
2021-03-10 17:13:29 INFO  CustomersIT:40 - ### CustomersIT.beforeAll(): ls -al total 144648
drwxr-xr-x 1 root root      4096 Mar 10 16:13 .
drwxr-xr-x 1 root root      4096 Mar 10 16:13 ..
-rw-rw-r-- 1 root root 148101596 Mar 10 16:12 customers-bootable.jar
drwxr-xr-x 3 root root      4096 Mar  4 19:14 java

2021-03-10 17:13:31 INFO  TestBase:64 - STDOUT: 16:13:31,441 INFO  [org.jboss.as.jpa] (MSC service thread 1-2) WFLYJPA0002: Read persistence.xml for customers
2021-03-10 17:13:31 INFO  TestBase:64 - STDOUT: 16:13:31,580 INFO  [org.jboss.weld.deployer] (MSC service thread 1-2) WFLYWELD0003: Processing weld deployment ROOT.war
2021-03-10 17:13:31 INFO  TestBase:64 - STDOUT: 16:13:31,823 INFO  [org.hibernate.validator.internal.util.Version] (MSC service thread 1-2) HV000001: Hibernate Validator 6.0.21.Final
2021-03-10 17:13:32 INFO  TestBase:64 - STDOUT: 16:13:32,027 INFO  [io.jaegertracing.internal.JaegerTracer] (MSC service thread 1-2) No shutdown hook registered: Please call close() manually on application shutdown.
2021-03-10 17:13:32 INFO  TestBase:64 - STDOUT: 16:13:32,080 WARN  [org.jboss.as.jaxrs] (MSC service thread 1-4) WFLYRS0018: Explicit usage of Jackson annotation in a JAX-RS deployment; the system will disable JSON-B processing for the current deployment. Consider setting the 'resteasy.preferJacksonOverJsonB' property to 'false' to restore JSON-B.
2021-03-10 17:13:32 INFO  TestBase:64 - STDOUT: 16:13:32,095 INFO  [org.jboss.as.connector.deployers.jdbc] (MSC service thread 1-4) WFLYJCA0004: Deploying JDBC-compliant driver class org.h2.Driver (version 1.4)
2021-03-10 17:13:32 INFO  TestBase:64 - STDOUT: 16:13:32,116 INFO  [org.jboss.weld.Version] (MSC service thread 1-4) WELD-000900: 3.1.5 (Final)
2021-03-10 17:13:32 INFO  TestBase:64 - STDOUT: 16:13:32,195 INFO  [org.jboss.as.connector.deployers.jdbc] (MSC service thread 1-3) WFLYJCA0018: Started Driver service with driver-name = ROOT.war_org.h2.Driver_1_4
2021-03-10 17:13:32 INFO  TestBase:64 - STDOUT: 16:13:32,205 INFO  [org.jboss.as.connector.subsystems.datasources] (MSC service thread 1-7) WFLYJCA0001: Bound data source [java:jboss/datasources/CustomersDS]
2021-03-10 17:13:32 INFO  TestBase:64 - STDOUT: 16:13:32,378 INFO  [org.infinispan.CONTAINER] (ServerService Thread Pool -- 48) ISPN000128: Infinispan version: Infinispan 'Corona Extra' 11.0.4.Final
2021-03-10 17:13:32 INFO  TestBase:64 - STDOUT: 16:13:32,410 INFO  [org.jboss.as.jpa] (ServerService Thread Pool -- 48) WFLYJPA0003: Starting Persistence Unit Service 'ROOT.war#customers'
2021-03-10 17:13:32 INFO  TestBase:64 - STDOUT: 16:13:32,425 INFO  [org.hibernate.jpa.internal.util.LogHelper] (ServerService Thread Pool -- 48) HHH000204: Processing PersistenceUnitInfo [
2021-03-10 17:13:32 INFO  TestBase:64 - STDOUT: 	name: customers
2021-03-10 17:13:32 INFO  TestBase:64 - STDOUT: 	...]
2021-03-10 17:13:32 INFO  TestBase:64 - STDOUT: 16:13:32,469 INFO  [org.hibernate.Version] (ServerService Thread Pool -- 48) HHH000412: Hibernate Core {5.3.18.Final}
2021-03-10 17:13:32 INFO  TestBase:64 - STDOUT: 16:13:32,470 INFO  [org.hibernate.cfg.Environment] (ServerService Thread Pool -- 48) HHH000206: hibernate.properties not found
2021-03-10 17:13:32 INFO  TestBase:64 - STDOUT: 16:13:32,559 INFO  [org.hibernate.annotations.common.Version] (ServerService Thread Pool -- 48) HCANN000001: Hibernate Commons Annotations {5.0.5.Final}
2021-03-10 17:13:32 INFO  TestBase:64 - STDOUT: 16:13:32,774 WARN  [org.jboss.jca.core.connectionmanager.pool.strategy.OnePool] (ServerService Thread Pool -- 48) IJ000407: No lazy enlistment available for ROOT_ROOT_ROOT_java:jboss/datasources/CustomersDS
2021-03-10 17:13:32 INFO  TestBase:64 - STDOUT: 16:13:32,783 INFO  [org.hibernate.dialect.Dialect] (ServerService Thread Pool -- 48) HHH000400: Using dialect: org.hibernate.dialect.Oracle12cDialect
2021-03-10 17:13:32 INFO  TestBase:64 - STDOUT: 16:13:32,820 INFO  [org.hibernate.type.BasicTypeRegistry] (ServerService Thread Pool -- 48) HHH000270: Type registration [byte[]] overrides previous : org.hibernate.type.BinaryType@585e717b
2021-03-10 17:13:32 INFO  TestBase:64 - STDOUT: 16:13:32,820 INFO  [org.hibernate.type.BasicTypeRegistry] (ServerService Thread Pool -- 48) HHH000270: Type registration [[B] overrides previous : org.hibernate.type.BinaryType@585e717b
2021-03-10 17:13:32 INFO  TestBase:64 - STDOUT: 16:13:32,821 INFO  [org.hibernate.type.BasicTypeRegistry] (ServerService Thread Pool -- 48) HHH000270: Type registration [Byte[]] overrides previous : org.hibernate.type.WrapperBinaryType@7e918444
2021-03-10 17:13:32 INFO  TestBase:64 - STDOUT: 16:13:32,821 INFO  [org.hibernate.type.BasicTypeRegistry] (ServerService Thread Pool -- 48) HHH000270: Type registration [[Ljava.lang.Byte;] overrides previous : org.hibernate.type.WrapperBinaryType@7e918444
2021-03-10 17:13:32 INFO  TestBase:64 - STDOUT: 16:13:32,824 INFO  [org.hibernate.envers.boot.internal.EnversServiceImpl] (ServerService Thread Pool -- 48) Envers integration enabled? : true
2021-03-10 17:13:33 INFO  TestBase:64 - STDOUT: Hibernate: 
2021-03-10 17:13:33 INFO  TestBase:64 - STDOUT:     
2021-03-10 17:13:33 INFO  TestBase:64 - STDOUT:     drop table CUSTOMER_ADDRESSES cascade constraints
2021-03-10 17:13:33 INFO  TestBase:64 - STDOUT: 16:13:33,343 WARN  [org.hibernate.tool.schema.internal.ExceptionHandlerLoggedImpl] (ServerService Thread Pool -- 48) GenerationTarget encountered exception accepting command : Error executing DDL "
2021-03-10 17:13:33 INFO  TestBase:64 - STDOUT:     drop table CUSTOMER_ADDRESSES cascade constraints" via JDBC Statement: org.hibernate.tool.schema.spi.CommandAcceptanceException: Error executing DDL "
2021-03-10 17:13:33 INFO  TestBase:64 - STDOUT:     drop table CUSTOMER_ADDRESSES cascade constraints" via JDBC Statement
2021-03-10 17:13:33 INFO  TestBase:64 - STDOUT: 	at org.hibernate@5.3.18.Final//org.hibernate.tool.schema.internal.exec.GenerationTargetToDatabase.accept(GenerationTargetToDatabase.java:67)
2021-03-10 17:13:33 INFO  TestBase:64 - STDOUT: 	at org.hibernate@5.3.18.Final//org.hibernate.tool.schema.internal.SchemaDropperImpl.applySqlString(SchemaDropperImpl.java:375)
2021-03-10 17:13:33 INFO  TestBase:64 - STDOUT: 	at org.hibernate@5.3.18.Final//org.hibernate.tool.schema.internal.SchemaDropperImpl.applySqlStrings(SchemaDropperImpl.java:359)
2021-03-10 17:13:33 INFO  TestBase:64 - STDOUT: 	at org.hibernate@5.3.18.Final//org.hibernate.tool.schema.internal.SchemaDropperImpl.dropFromMetadata(SchemaDropperImpl.java:241)
2021-03-10 17:13:33 INFO  TestBase:64 - STDOUT: 	at org.hibernate@5.3.18.Final//org.hibernate.tool.schema.internal.SchemaDropperImpl.performDrop(SchemaDropperImpl.java:154)
2021-03-10 17:13:33 INFO  TestBase:64 - STDOUT: 	at org.hibernate@5.3.18.Final//org.hibernate.tool.schema.internal.SchemaDropperImpl.doDrop(SchemaDropperImpl.java:126)
2021-03-10 17:13:33 INFO  TestBase:64 - STDOUT: 	at org.hibernate@5.3.18.Final//org.hibernate.tool.schema.internal.SchemaDropperImpl.doDrop(SchemaDropperImpl.java:112)
2021-03-10 17:13:33 INFO  TestBase:64 - STDOUT: 	at org.hibernate@5.3.18.Final//org.hibernate.tool.schema.spi.SchemaManagementToolCoordinator.performDatabaseAction(SchemaManagementToolCoordinator.java:144)
2021-03-10 17:13:33 INFO  TestBase:64 - STDOUT: 	at org.hibernate@5.3.18.Final//org.hibernate.tool.schema.spi.SchemaManagementToolCoordinator.process(SchemaManagementToolCoordinator.java:72)
2021-03-10 17:13:33 INFO  TestBase:64 - STDOUT: 	at org.hibernate@5.3.18.Final//org.hibernate.internal.SessionFactoryImpl.<init>(SessionFactoryImpl.java:310)
2021-03-10 17:13:33 INFO  TestBase:64 - STDOUT: 	at org.hibernate@5.3.18.Final//org.hibernate.boot.internal.SessionFactoryBuilderImpl.build(SessionFactoryBuilderImpl.java:467)
2021-03-10 17:13:33 INFO  TestBase:64 - STDOUT: 	at org.hibernate@5.3.18.Final//org.hibernate.jpa.boot.internal.EntityManagerFactoryBuilderImpl.build(EntityManagerFactoryBuilderImpl.java:1250)
2021-03-10 17:13:33 INFO  TestBase:64 - STDOUT: 	at org.hibernate@5.3.18.Final//org.hibernate.jpa.HibernatePersistenceProvider.createContainerEntityManagerFactory(HibernatePersistenceProvider.java:141)
2021-03-10 17:13:33 INFO  TestBase:64 - STDOUT: 	at org.jboss.as.jpa@21.0.0.Final//org.jboss.as.jpa.service.PersistenceUnitServiceImpl.createContainerEntityManagerFactory(PersistenceUnitServiceImpl.java:366)
2021-03-10 17:13:33 INFO  TestBase:64 - STDOUT: 	at org.jboss.as.jpa@21.0.0.Final//org.jboss.as.jpa.service.PersistenceUnitServiceImpl.access$1300(PersistenceUnitServiceImpl.java:71)
2021-03-10 17:13:33 INFO  TestBase:64 - STDOUT: 	at org.jboss.as.jpa@21.0.0.Final//org.jboss.as.jpa.service.PersistenceUnitServiceImpl$1$1.run(PersistenceUnitServiceImpl.java:190)
2021-03-10 17:13:33 INFO  TestBase:64 - STDOUT: 	at org.jboss.as.jpa@21.0.0.Final//org.jboss.as.jpa.service.PersistenceUnitServiceImpl$1$1.run(PersistenceUnitServiceImpl.java:128)
2021-03-10 17:13:33 INFO  TestBase:64 - STDOUT: 	at java.base/java.security.AccessController.doPrivileged(Native Method)
2021-03-10 17:13:33 INFO  TestBase:64 - STDOUT: 	at org.wildfly.security.elytron-private@1.13.1.Final//org.wildfly.security.manager.WildFlySecurityManager.doChecked(WildFlySecurityManager.java:659)
2021-03-10 17:13:33 INFO  TestBase:64 - STDOUT: 	at org.jboss.as.jpa@21.0.0.Final//org.jboss.as.jpa.service.PersistenceUnitServiceImpl$1.run(PersistenceUnitServiceImpl.java:213)
2021-03-10 17:13:33 INFO  TestBase:64 - STDOUT: 	at org.jboss.threads@2.4.0.Final//org.jboss.threads.ContextClassLoaderSavingRunnable.run(ContextClassLoaderSavingRunnable.java:35)
2021-03-10 17:13:33 INFO  TestBase:64 - STDOUT: 	at org.jboss.threads@2.4.0.Final//org.jboss.threads.EnhancedQueueExecutor.safeRun(EnhancedQueueExecutor.java:1990)
2021-03-10 17:13:33 INFO  TestBase:64 - STDOUT: 	at org.jboss.threads@2.4.0.Final//org.jboss.threads.EnhancedQueueExecutor$ThreadBody.doRunTask(EnhancedQueueExecutor.java:1486)
2021-03-10 17:13:33 INFO  TestBase:64 - STDOUT: 	at org.jboss.threads@2.4.0.Final//org.jboss.threads.EnhancedQueueExecutor$ThreadBody.run(EnhancedQueueExecutor.java:1377)
2021-03-10 17:13:33 INFO  TestBase:64 - STDOUT: 	at java.base/java.lang.Thread.run(Thread.java:834)
2021-03-10 17:13:33 INFO  TestBase:64 - STDOUT: 	at org.jboss.threads@2.4.0.Final//org.jboss.threads.JBossThread.run(JBossThread.java:513)
2021-03-10 17:13:33 INFO  TestBase:64 - STDOUT: Caused by: org.h2.jdbc.JdbcSQLSyntaxErrorException: Table "CUSTOMER_ADDRESSES" not found; SQL statement:
2021-03-10 17:13:33 INFO  TestBase:64 - STDOUT: 
2021-03-10 17:13:33 INFO  TestBase:64 - STDOUT:     drop table CUSTOMER_ADDRESSES cascade constraints [42102-200]
2021-03-10 17:13:33 INFO  TestBase:64 - STDOUT: 	at deployment.ROOT.war//org.h2.message.DbException.getJdbcSQLException(DbException.java:453)
2021-03-10 17:13:33 INFO  TestBase:64 - STDOUT: 	at deployment.ROOT.war//org.h2.message.DbException.getJdbcSQLException(DbException.java:429)
2021-03-10 17:13:33 INFO  TestBase:64 - STDOUT: 	at deployment.ROOT.war//org.h2.message.DbException.get(DbException.java:205)
2021-03-10 17:13:33 INFO  TestBase:64 - STDOUT: 	at deployment.ROOT.war//org.h2.message.DbException.get(DbException.java:181)
2021-03-10 17:13:33 INFO  TestBase:64 - STDOUT: 	at deployment.ROOT.war//org.h2.command.ddl.DropTable.prepareDrop(DropTable.java:65)
2021-03-10 17:13:33 INFO  TestBase:64 - STDOUT: 	at deployment.ROOT.war//org.h2.command.ddl.DropTable.update(DropTable.java:124)
2021-03-10 17:13:33 INFO  TestBase:64 - STDOUT: 	at deployment.ROOT.war//org.h2.command.CommandContainer.update(CommandContainer.java:198)
2021-03-10 17:13:33 INFO  TestBase:64 - STDOUT: 	at deployment.ROOT.war//org.h2.command.Command.executeUpdate(Command.java:251)
2021-03-10 17:13:33 INFO  TestBase:64 - STDOUT: 	at deployment.ROOT.war//org.h2.jdbc.JdbcStatement.executeInternal(JdbcStatement.java:228)
2021-03-10 17:13:33 INFO  TestBase:64 - STDOUT: 	at deployment.ROOT.war//org.h2.jdbc.JdbcStatement.execute(JdbcStatement.java:201)
2021-03-10 17:13:33 INFO  TestBase:64 - STDOUT: 	at org.jboss.ironjacamar.jdbcadapters@1.4.23.Final//org.jboss.jca.adapters.jdbc.WrappedStatement.execute(WrappedStatement.java:198)
2021-03-10 17:13:33 INFO  TestBase:64 - STDOUT: 	at org.hibernate@5.3.18.Final//org.hibernate.tool.schema.internal.exec.GenerationTargetToDatabase.accept(GenerationTargetToDatabase.java:54)
2021-03-10 17:13:33 INFO  TestBase:64 - STDOUT: 	... 25 more
2021-03-10 17:13:33 INFO  TestBase:64 - STDOUT: 
2021-03-10 17:13:33 INFO  TestBase:64 - STDOUT: Hibernate: 
2021-03-10 17:13:33 INFO  TestBase:64 - STDOUT:     
2021-03-10 17:13:33 INFO  TestBase:64 - STDOUT:     drop table CUSTOMER_CONTACT_DETAILS cascade constraints
2021-03-10 17:13:33 INFO  TestBase:64 - STDOUT: 16:13:33,345 WARN  [org.hibernate.tool.schema.internal.ExceptionHandlerLoggedImpl] (ServerService Thread Pool -- 48) GenerationTarget encountered exception accepting command : Error executing DDL "
2021-03-10 17:13:33 INFO  TestBase:64 - STDOUT:     drop table CUSTOMER_CONTACT_DETAILS cascade constraints" via JDBC Statement: org.hibernate.tool.schema.spi.CommandAcceptanceException: Error executing DDL "
2021-03-10 17:13:33 INFO  TestBase:64 - STDOUT:     drop table CUSTOMER_CONTACT_DETAILS cascade constraints" via JDBC Statement
2021-03-10 17:13:33 INFO  TestBase:64 - STDOUT: 	at org.hibernate@5.3.18.Final//org.hibernate.tool.schema.internal.exec.GenerationTargetToDatabase.accept(GenerationTargetToDatabase.java:67)
2021-03-10 17:13:33 INFO  TestBase:64 - STDOUT: 	at org.hibernate@5.3.18.Final//org.hibernate.tool.schema.internal.SchemaDropperImpl.applySqlString(SchemaDropperImpl.java:375)
2021-03-10 17:13:33 INFO  TestBase:64 - STDOUT: 	at org.hibernate@5.3.18.Final//org.hibernate.tool.schema.internal.SchemaDropperImpl.applySqlStrings(SchemaDropperImpl.java:359)
2021-03-10 17:13:33 INFO  TestBase:64 - STDOUT: 	at org.hibernate@5.3.18.Final//org.hibernate.tool.schema.internal.SchemaDropperImpl.dropFromMetadata(SchemaDropperImpl.java:241)
2021-03-10 17:13:33 INFO  TestBase:64 - STDOUT: 	at org.hibernate@5.3.18.Final//org.hibernate.tool.schema.internal.SchemaDropperImpl.performDrop(SchemaDropperImpl.java:154)
2021-03-10 17:13:33 INFO  TestBase:64 - STDOUT: 	at org.hibernate@5.3.18.Final//org.hibernate.tool.schema.internal.SchemaDropperImpl.doDrop(SchemaDropperImpl.java:126)
2021-03-10 17:13:33 INFO  TestBase:64 - STDOUT: 	at org.hibernate@5.3.18.Final//org.hibernate.tool.schema.internal.SchemaDropperImpl.doDrop(SchemaDropperImpl.java:112)
2021-03-10 17:13:33 INFO  TestBase:64 - STDOUT: 	at org.hibernate@5.3.18.Final//org.hibernate.tool.schema.spi.SchemaManagementToolCoordinator.performDatabaseAction(SchemaManagementToolCoordinator.java:144)
2021-03-10 17:13:33 INFO  TestBase:64 - STDOUT: 	at org.hibernate@5.3.18.Final//org.hibernate.tool.schema.spi.SchemaManagementToolCoordinator.process(SchemaManagementToolCoordinator.java:72)
2021-03-10 17:13:33 INFO  TestBase:64 - STDOUT: 	at org.hibernate@5.3.18.Final//org.hibernate.internal.SessionFactoryImpl.<init>(SessionFactoryImpl.java:310)
2021-03-10 17:13:33 INFO  TestBase:64 - STDOUT: 	at org.hibernate@5.3.18.Final//org.hibernate.boot.internal.SessionFactoryBuilderImpl.build(SessionFactoryBuilderImpl.java:467)
2021-03-10 17:13:33 INFO  TestBase:64 - STDOUT: 	at org.hibernate@5.3.18.Final//org.hibernate.jpa.boot.internal.EntityManagerFactoryBuilderImpl.build(EntityManagerFactoryBuilderImpl.java:1250)
2021-03-10 17:13:33 INFO  TestBase:64 - STDOUT: 	at org.hibernate@5.3.18.Final//org.hibernate.jpa.HibernatePersistenceProvider.createContainerEntityManagerFactory(HibernatePersistenceProvider.java:141)
2021-03-10 17:13:33 INFO  TestBase:64 - STDOUT: 	at org.jboss.as.jpa@21.0.0.Final//org.jboss.as.jpa.service.PersistenceUnitServiceImpl.createContainerEntityManagerFactory(PersistenceUnitServiceImpl.java:366)
2021-03-10 17:13:33 INFO  TestBase:64 - STDOUT: 	at org.jboss.as.jpa@21.0.0.Final//org.jboss.as.jpa.service.PersistenceUnitServiceImpl.access$1300(PersistenceUnitServiceImpl.java:71)
2021-03-10 17:13:33 INFO  TestBase:64 - STDOUT: 	at org.jboss.as.jpa@21.0.0.Final//org.jboss.as.jpa.service.PersistenceUnitServiceImpl$1$1.run(PersistenceUnitServiceImpl.java:190)
2021-03-10 17:13:33 INFO  TestBase:64 - STDOUT: 	at org.jboss.as.jpa@21.0.0.Final//org.jboss.as.jpa.service.PersistenceUnitServiceImpl$1$1.run(PersistenceUnitServiceImpl.java:128)
2021-03-10 17:13:33 INFO  TestBase:64 - STDOUT: 	at java.base/java.security.AccessController.doPrivileged(Native Method)
2021-03-10 17:13:33 INFO  TestBase:64 - STDOUT: 	at org.wildfly.security.elytron-private@1.13.1.Final//org.wildfly.security.manager.WildFlySecurityManager.doChecked(WildFlySecurityManager.java:659)
2021-03-10 17:13:33 INFO  TestBase:64 - STDOUT: 	at org.jboss.as.jpa@21.0.0.Final//org.jboss.as.jpa.service.PersistenceUnitServiceImpl$1.run(PersistenceUnitServiceImpl.java:213)
2021-03-10 17:13:33 INFO  TestBase:64 - STDOUT: 	at org.jboss.threads@2.4.0.Final//org.jboss.threads.ContextClassLoaderSavingRunnable.run(ContextClassLoaderSavingRunnable.java:35)
2021-03-10 17:13:33 INFO  TestBase:64 - STDOUT: 	at org.jboss.threads@2.4.0.Final//org.jboss.threads.EnhancedQueueExecutor.safeRun(EnhancedQueueExecutor.java:1990)
2021-03-10 17:13:33 INFO  TestBase:64 - STDOUT: 	at org.jboss.threads@2.4.0.Final//org.jboss.threads.EnhancedQueueExecutor$ThreadBody.doRunTask(EnhancedQueueExecutor.java:1486)
2021-03-10 17:13:33 INFO  TestBase:64 - STDOUT: 	at org.jboss.threads@2.4.0.Final//org.jboss.threads.EnhancedQueueExecutor$ThreadBody.run(EnhancedQueueExecutor.java:1377)
2021-03-10 17:13:33 INFO  TestBase:64 - STDOUT: 	at java.base/java.lang.Thread.run(Thread.java:834)
2021-03-10 17:13:33 INFO  TestBase:64 - STDOUT: 	at org.jboss.threads@2.4.0.Final//org.jboss.threads.JBossThread.run(JBossThread.java:513)
2021-03-10 17:13:33 INFO  TestBase:64 - STDOUT: Caused by: org.h2.jdbc.JdbcSQLSyntaxErrorException: Table "CUSTOMER_CONTACT_DETAILS" not found; SQL statement:
2021-03-10 17:13:33 INFO  TestBase:64 - STDOUT: 
2021-03-10 17:13:33 INFO  TestBase:64 - STDOUT:     drop table CUSTOMER_CONTACT_DETAILS cascade constraints [42102-200]
2021-03-10 17:13:33 INFO  TestBase:64 - STDOUT: 	at deployment.ROOT.war//org.h2.message.DbException.getJdbcSQLException(DbException.java:453)
2021-03-10 17:13:33 INFO  TestBase:64 - STDOUT: 	at deployment.ROOT.war//org.h2.message.DbException.getJdbcSQLException(DbException.java:429)
2021-03-10 17:13:33 INFO  TestBase:64 - STDOUT: 	at deployment.ROOT.war//org.h2.message.DbException.get(DbException.java:205)
2021-03-10 17:13:33 INFO  TestBase:64 - STDOUT: 	at deployment.ROOT.war//org.h2.message.DbException.get(DbException.java:181)
2021-03-10 17:13:33 INFO  TestBase:64 - STDOUT: 	at deployment.ROOT.war//org.h2.command.ddl.DropTable.prepareDrop(DropTable.java:65)
2021-03-10 17:13:33 INFO  TestBase:64 - STDOUT: 	at deployment.ROOT.war//org.h2.command.ddl.DropTable.update(DropTable.java:124)
2021-03-10 17:13:33 INFO  TestBase:64 - STDOUT: 	at deployment.ROOT.war//org.h2.command.CommandContainer.update(CommandContainer.java:198)
2021-03-10 17:13:33 INFO  TestBase:64 - STDOUT: 	at deployment.ROOT.war//org.h2.command.Command.executeUpdate(Command.java:251)
2021-03-10 17:13:33 INFO  TestBase:64 - STDOUT: 	at deployment.ROOT.war//org.h2.jdbc.JdbcStatement.executeInternal(JdbcStatement.java:228)
2021-03-10 17:13:33 INFO  TestBase:64 - STDOUT: 	at deployment.ROOT.war//org.h2.jdbc.JdbcStatement.execute(JdbcStatement.java:201)
2021-03-10 17:13:33 INFO  TestBase:64 - STDOUT: 	at org.jboss.ironjacamar.jdbcadapters@1.4.23.Final//org.jboss.jca.adapters.jdbc.WrappedStatement.execute(WrappedStatement.java:198)
2021-03-10 17:13:33 INFO  TestBase:64 - STDOUT: 	at org.hibernate@5.3.18.Final//org.hibernate.tool.schema.internal.exec.GenerationTargetToDatabase.accept(GenerationTargetToDatabase.java:54)
2021-03-10 17:13:33 INFO  TestBase:64 - STDOUT: 	... 25 more
2021-03-10 17:13:33 INFO  TestBase:64 - STDOUT: 
2021-03-10 17:13:33 INFO  TestBase:64 - STDOUT: Hibernate: 
2021-03-10 17:13:33 INFO  TestBase:64 - STDOUT:     
2021-03-10 17:13:33 INFO  TestBase:64 - STDOUT:     drop table CUSTOMER_PHONE_NUMBERS cascade constraints
2021-03-10 17:13:33 INFO  TestBase:64 - STDOUT: 16:13:33,346 WARN  [org.hibernate.tool.schema.internal.ExceptionHandlerLoggedImpl] (ServerService Thread Pool -- 48) GenerationTarget encountered exception accepting command : Error executing DDL "
2021-03-10 17:13:33 INFO  TestBase:64 - STDOUT:     drop table CUSTOMER_PHONE_NUMBERS cascade constraints" via JDBC Statement: org.hibernate.tool.schema.spi.CommandAcceptanceException: Error executing DDL "
2021-03-10 17:13:33 INFO  TestBase:64 - STDOUT:     drop table CUSTOMER_PHONE_NUMBERS cascade constraints" via JDBC Statement
2021-03-10 17:13:33 INFO  TestBase:64 - STDOUT: 	at org.hibernate@5.3.18.Final//org.hibernate.tool.schema.internal.exec.GenerationTargetToDatabase.accept(GenerationTargetToDatabase.java:67)
2021-03-10 17:13:33 INFO  TestBase:64 - STDOUT: 	at org.hibernate@5.3.18.Final//org.hibernate.tool.schema.internal.SchemaDropperImpl.applySqlString(SchemaDropperImpl.java:375)
2021-03-10 17:13:33 INFO  TestBase:64 - STDOUT: 	at org.hibernate@5.3.18.Final//org.hibernate.tool.schema.internal.SchemaDropperImpl.applySqlStrings(SchemaDropperImpl.java:359)
2021-03-10 17:13:33 INFO  TestBase:64 - STDOUT: 	at org.hibernate@5.3.18.Final//org.hibernate.tool.schema.internal.SchemaDropperImpl.dropFromMetadata(SchemaDropperImpl.java:241)
2021-03-10 17:13:33 INFO  TestBase:64 - STDOUT: 	at org.hibernate@5.3.18.Final//org.hibernate.tool.schema.internal.SchemaDropperImpl.performDrop(SchemaDropperImpl.java:154)
2021-03-10 17:13:33 INFO  TestBase:64 - STDOUT: 	at org.hibernate@5.3.18.Final//org.hibernate.tool.schema.internal.SchemaDropperImpl.doDrop(SchemaDropperImpl.java:126)
2021-03-10 17:13:33 INFO  TestBase:64 - STDOUT: 	at org.hibernate@5.3.18.Final//org.hibernate.tool.schema.internal.SchemaDropperImpl.doDrop(SchemaDropperImpl.java:112)
2021-03-10 17:13:33 INFO  TestBase:64 - STDOUT: 	at org.hibernate@5.3.18.Final//org.hibernate.tool.schema.spi.SchemaManagementToolCoordinator.performDatabaseAction(SchemaManagementToolCoordinator.java:144)
2021-03-10 17:13:33 INFO  TestBase:64 - STDOUT: 	at org.hibernate@5.3.18.Final//org.hibernate.tool.schema.spi.SchemaManagementToolCoordinator.process(SchemaManagementToolCoordinator.java:72)
2021-03-10 17:13:33 INFO  TestBase:64 - STDOUT: 	at org.hibernate@5.3.18.Final//org.hibernate.internal.SessionFactoryImpl.<init>(SessionFactoryImpl.java:310)
2021-03-10 17:13:33 INFO  TestBase:64 - STDOUT: 	at org.hibernate@5.3.18.Final//org.hibernate.boot.internal.SessionFactoryBuilderImpl.build(SessionFactoryBuilderImpl.java:467)
2021-03-10 17:13:33 INFO  TestBase:64 - STDOUT: 	at org.hibernate@5.3.18.Final//org.hibernate.jpa.boot.internal.EntityManagerFactoryBuilderImpl.build(EntityManagerFactoryBuilderImpl.java:1250)
2021-03-10 17:13:33 INFO  TestBase:64 - STDOUT: 	at org.hibernate@5.3.18.Final//org.hibernate.jpa.HibernatePersistenceProvider.createContainerEntityManagerFactory(HibernatePersistenceProvider.java:141)
2021-03-10 17:13:33 INFO  TestBase:64 - STDOUT: 	at org.jboss.as.jpa@21.0.0.Final//org.jboss.as.jpa.service.PersistenceUnitServiceImpl.createContainerEntityManagerFactory(PersistenceUnitServiceImpl.java:366)
2021-03-10 17:13:33 INFO  TestBase:64 - STDOUT: 	at org.jboss.as.jpa@21.0.0.Final//org.jboss.as.jpa.service.PersistenceUnitServiceImpl.access$1300(PersistenceUnitServiceImpl.java:71)
2021-03-10 17:13:33 INFO  TestBase:64 - STDOUT: 	at org.jboss.as.jpa@21.0.0.Final//org.jboss.as.jpa.service.PersistenceUnitServiceImpl$1$1.run(PersistenceUnitServiceImpl.java:190)
2021-03-10 17:13:33 INFO  TestBase:64 - STDOUT: 	at org.jboss.as.jpa@21.0.0.Final//org.jboss.as.jpa.service.PersistenceUnitServiceImpl$1$1.run(PersistenceUnitServiceImpl.java:128)
2021-03-10 17:13:33 INFO  TestBase:64 - STDOUT: 	at java.base/java.security.AccessController.doPrivileged(Native Method)
2021-03-10 17:13:33 INFO  TestBase:64 - STDOUT: 	at org.wildfly.security.elytron-private@1.13.1.Final//org.wildfly.security.manager.WildFlySecurityManager.doChecked(WildFlySecurityManager.java:659)
2021-03-10 17:13:33 INFO  TestBase:64 - STDOUT: 	at org.jboss.as.jpa@21.0.0.Final//org.jboss.as.jpa.service.PersistenceUnitServiceImpl$1.run(PersistenceUnitServiceImpl.java:213)
2021-03-10 17:13:33 INFO  TestBase:64 - STDOUT: 	at org.jboss.threads@2.4.0.Final//org.jboss.threads.ContextClassLoaderSavingRunnable.run(ContextClassLoaderSavingRunnable.java:35)
2021-03-10 17:13:33 INFO  TestBase:64 - STDOUT: 	at org.jboss.threads@2.4.0.Final//org.jboss.threads.EnhancedQueueExecutor.safeRun(EnhancedQueueExecutor.java:1990)
2021-03-10 17:13:33 INFO  TestBase:64 - STDOUT: 	at org.jboss.threads@2.4.0.Final//org.jboss.threads.EnhancedQueueExecutor$ThreadBody.doRunTask(EnhancedQueueExecutor.java:1486)
2021-03-10 17:13:33 INFO  TestBase:64 - STDOUT: 	at org.jboss.threads@2.4.0.Final//org.jboss.threads.EnhancedQueueExecutor$ThreadBody.run(EnhancedQueueExecutor.java:1377)
2021-03-10 17:13:33 INFO  TestBase:64 - STDOUT: 	at java.base/java.lang.Thread.run(Thread.java:834)
2021-03-10 17:13:33 INFO  TestBase:64 - STDOUT: 	at org.jboss.threads@2.4.0.Final//org.jboss.threads.JBossThread.run(JBossThread.java:513)
2021-03-10 17:13:33 INFO  TestBase:64 - STDOUT: Caused by: org.h2.jdbc.JdbcSQLSyntaxErrorException: Table "CUSTOMER_PHONE_NUMBERS" not found; SQL statement:
2021-03-10 17:13:33 INFO  TestBase:64 - STDOUT: 
2021-03-10 17:13:33 INFO  TestBase:64 - STDOUT:     drop table CUSTOMER_PHONE_NUMBERS cascade constraints [42102-200]
2021-03-10 17:13:33 INFO  TestBase:64 - STDOUT: 	at deployment.ROOT.war//org.h2.message.DbException.getJdbcSQLException(DbException.java:453)
2021-03-10 17:13:33 INFO  TestBase:64 - STDOUT: 	at deployment.ROOT.war//org.h2.message.DbException.getJdbcSQLException(DbException.java:429)
2021-03-10 17:13:33 INFO  TestBase:64 - STDOUT: 	at deployment.ROOT.war//org.h2.message.DbException.get(DbException.java:205)
2021-03-10 17:13:33 INFO  TestBase:64 - STDOUT: 	at deployment.ROOT.war//org.h2.message.DbException.get(DbException.java:181)
2021-03-10 17:13:33 INFO  TestBase:64 - STDOUT: 	at deployment.ROOT.war//org.h2.command.ddl.DropTable.prepareDrop(DropTable.java:65)
2021-03-10 17:13:33 INFO  TestBase:64 - STDOUT: 	at deployment.ROOT.war//org.h2.command.ddl.DropTable.update(DropTable.java:124)
2021-03-10 17:13:33 INFO  TestBase:64 - STDOUT: 	at deployment.ROOT.war//org.h2.command.CommandContainer.update(CommandContainer.java:198)
2021-03-10 17:13:33 INFO  TestBase:64 - STDOUT: 	at deployment.ROOT.war//org.h2.command.Command.executeUpdate(Command.java:251)
2021-03-10 17:13:33 INFO  TestBase:64 - STDOUT: 	at deployment.ROOT.war//org.h2.jdbc.JdbcStatement.executeInternal(JdbcStatement.java:228)
2021-03-10 17:13:33 INFO  TestBase:64 - STDOUT: 	at deployment.ROOT.war//org.h2.jdbc.JdbcStatement.execute(JdbcStatement.java:201)
2021-03-10 17:13:33 INFO  TestBase:64 - STDOUT: 	at org.jboss.ironjacamar.jdbcadapters@1.4.23.Final//org.jboss.jca.adapters.jdbc.WrappedStatement.execute(WrappedStatement.java:198)
2021-03-10 17:13:33 INFO  TestBase:64 - STDOUT: 	at org.hibernate@5.3.18.Final//org.hibernate.tool.schema.internal.exec.GenerationTargetToDatabase.accept(GenerationTargetToDatabase.java:54)
2021-03-10 17:13:33 INFO  TestBase:64 - STDOUT: 	... 25 more
2021-03-10 17:13:33 INFO  TestBase:64 - STDOUT: 
2021-03-10 17:13:33 INFO  TestBase:64 - STDOUT: Hibernate: 
2021-03-10 17:13:33 INFO  TestBase:64 - STDOUT:     
2021-03-10 17:13:33 INFO  TestBase:64 - STDOUT:     drop table CUSTOMERS cascade constraints
2021-03-10 17:13:33 INFO  TestBase:64 - STDOUT: 16:13:33,347 WARN  [org.hibernate.tool.schema.internal.ExceptionHandlerLoggedImpl] (ServerService Thread Pool -- 48) GenerationTarget encountered exception accepting command : Error executing DDL "
2021-03-10 17:13:33 INFO  TestBase:64 - STDOUT:     drop table CUSTOMERS cascade constraints" via JDBC Statement: org.hibernate.tool.schema.spi.CommandAcceptanceException: Error executing DDL "
2021-03-10 17:13:33 INFO  TestBase:64 - STDOUT:     drop table CUSTOMERS cascade constraints" via JDBC Statement
2021-03-10 17:13:33 INFO  TestBase:64 - STDOUT: 	at org.hibernate@5.3.18.Final//org.hibernate.tool.schema.internal.exec.GenerationTargetToDatabase.accept(GenerationTargetToDatabase.java:67)
2021-03-10 17:13:33 INFO  TestBase:64 - STDOUT: 	at org.hibernate@5.3.18.Final//org.hibernate.tool.schema.internal.SchemaDropperImpl.applySqlString(SchemaDropperImpl.java:375)
2021-03-10 17:13:33 INFO  TestBase:64 - STDOUT: 	at org.hibernate@5.3.18.Final//org.hibernate.tool.schema.internal.SchemaDropperImpl.applySqlStrings(SchemaDropperImpl.java:359)
2021-03-10 17:13:33 INFO  TestBase:64 - STDOUT: 	at org.hibernate@5.3.18.Final//org.hibernate.tool.schema.internal.SchemaDropperImpl.dropFromMetadata(SchemaDropperImpl.java:241)
2021-03-10 17:13:33 INFO  TestBase:64 - STDOUT: 	at org.hibernate@5.3.18.Final//org.hibernate.tool.schema.internal.SchemaDropperImpl.performDrop(SchemaDropperImpl.java:154)
2021-03-10 17:13:33 INFO  TestBase:64 - STDOUT: 	at org.hibernate@5.3.18.Final//org.hibernate.tool.schema.internal.SchemaDropperImpl.doDrop(SchemaDropperImpl.java:126)
2021-03-10 17:13:33 INFO  TestBase:64 - STDOUT: 	at org.hibernate@5.3.18.Final//org.hibernate.tool.schema.internal.SchemaDropperImpl.doDrop(SchemaDropperImpl.java:112)
2021-03-10 17:13:33 INFO  TestBase:64 - STDOUT: 	at org.hibernate@5.3.18.Final//org.hibernate.tool.schema.spi.SchemaManagementToolCoordinator.performDatabaseAction(SchemaManagementToolCoordinator.java:144)
2021-03-10 17:13:33 INFO  TestBase:64 - STDOUT: 	at org.hibernate@5.3.18.Final//org.hibernate.tool.schema.spi.SchemaManagementToolCoordinator.process(SchemaManagementToolCoordinator.java:72)
2021-03-10 17:13:33 INFO  TestBase:64 - STDOUT: 	at org.hibernate@5.3.18.Final//org.hibernate.internal.SessionFactoryImpl.<init>(SessionFactoryImpl.java:310)
2021-03-10 17:13:33 INFO  TestBase:64 - STDOUT: 	at org.hibernate@5.3.18.Final//org.hibernate.boot.internal.SessionFactoryBuilderImpl.build(SessionFactoryBuilderImpl.java:467)
2021-03-10 17:13:33 INFO  TestBase:64 - STDOUT: 	at org.hibernate@5.3.18.Final//org.hibernate.jpa.boot.internal.EntityManagerFactoryBuilderImpl.build(EntityManagerFactoryBuilderImpl.java:1250)
2021-03-10 17:13:33 INFO  TestBase:64 - STDOUT: 	at org.hibernate@5.3.18.Final//org.hibernate.jpa.HibernatePersistenceProvider.createContainerEntityManagerFactory(HibernatePersistenceProvider.java:141)
2021-03-10 17:13:33 INFO  TestBase:64 - STDOUT: 	at org.jboss.as.jpa@21.0.0.Final//org.jboss.as.jpa.service.PersistenceUnitServiceImpl.createContainerEntityManagerFactory(PersistenceUnitServiceImpl.java:366)
2021-03-10 17:13:33 INFO  TestBase:64 - STDOUT: 	at org.jboss.as.jpa@21.0.0.Final//org.jboss.as.jpa.service.PersistenceUnitServiceImpl.access$1300(PersistenceUnitServiceImpl.java:71)
2021-03-10 17:13:33 INFO  TestBase:64 - STDOUT: 	at org.jboss.as.jpa@21.0.0.Final//org.jboss.as.jpa.service.PersistenceUnitServiceImpl$1$1.run(PersistenceUnitServiceImpl.java:190)
2021-03-10 17:13:33 INFO  TestBase:64 - STDOUT: 	at org.jboss.as.jpa@21.0.0.Final//org.jboss.as.jpa.service.PersistenceUnitServiceImpl$1$1.run(PersistenceUnitServiceImpl.java:128)
2021-03-10 17:13:33 INFO  TestBase:64 - STDOUT: 	at java.base/java.security.AccessController.doPrivileged(Native Method)
2021-03-10 17:13:33 INFO  TestBase:64 - STDOUT: 	at org.wildfly.security.elytron-private@1.13.1.Final//org.wildfly.security.manager.WildFlySecurityManager.doChecked(WildFlySecurityManager.java:659)
2021-03-10 17:13:33 INFO  TestBase:64 - STDOUT: 	at org.jboss.as.jpa@21.0.0.Final//org.jboss.as.jpa.service.PersistenceUnitServiceImpl$1.run(PersistenceUnitServiceImpl.java:213)
2021-03-10 17:13:33 INFO  TestBase:64 - STDOUT: 	at org.jboss.threads@2.4.0.Final//org.jboss.threads.ContextClassLoaderSavingRunnable.run(ContextClassLoaderSavingRunnable.java:35)
2021-03-10 17:13:33 INFO  TestBase:64 - STDOUT: 	at org.jboss.threads@2.4.0.Final//org.jboss.threads.EnhancedQueueExecutor.safeRun(EnhancedQueueExecutor.java:1990)
2021-03-10 17:13:33 INFO  TestBase:64 - STDOUT: 	at org.jboss.threads@2.4.0.Final//org.jboss.threads.EnhancedQueueExecutor$ThreadBody.doRunTask(EnhancedQueueExecutor.java:1486)
2021-03-10 17:13:33 INFO  TestBase:64 - STDOUT: 	at org.jboss.threads@2.4.0.Final//org.jboss.threads.EnhancedQueueExecutor$ThreadBody.run(EnhancedQueueExecutor.java:1377)
2021-03-10 17:13:33 INFO  TestBase:64 - STDOUT: 	at java.base/java.lang.Thread.run(Thread.java:834)
2021-03-10 17:13:33 INFO  TestBase:64 - STDOUT: 	at org.jboss.threads@2.4.0.Final//org.jboss.threads.JBossThread.run(JBossThread.java:513)
2021-03-10 17:13:33 INFO  TestBase:64 - STDOUT: Caused by: org.h2.jdbc.JdbcSQLSyntaxErrorException: Table "CUSTOMERS" not found; SQL statement:
2021-03-10 17:13:33 INFO  TestBase:64 - STDOUT: 
2021-03-10 17:13:33 INFO  TestBase:64 - STDOUT:     drop table CUSTOMERS cascade constraints [42102-200]
2021-03-10 17:13:33 INFO  TestBase:64 - STDOUT: 	at deployment.ROOT.war//org.h2.message.DbException.getJdbcSQLException(DbException.java:453)
2021-03-10 17:13:33 INFO  TestBase:64 - STDOUT: 	at deployment.ROOT.war//org.h2.message.DbException.getJdbcSQLException(DbException.java:429)
2021-03-10 17:13:33 INFO  TestBase:64 - STDOUT: 	at deployment.ROOT.war//org.h2.message.DbException.get(DbException.java:205)
2021-03-10 17:13:33 INFO  TestBase:64 - STDOUT: 	at deployment.ROOT.war//org.h2.message.DbException.get(DbException.java:181)
2021-03-10 17:13:33 INFO  TestBase:64 - STDOUT: 	at deployment.ROOT.war//org.h2.command.ddl.DropTable.prepareDrop(DropTable.java:65)
2021-03-10 17:13:33 INFO  TestBase:64 - STDOUT: 	at deployment.ROOT.war//org.h2.command.ddl.DropTable.update(DropTable.java:124)
2021-03-10 17:13:33 INFO  TestBase:64 - STDOUT: 	at deployment.ROOT.war//org.h2.command.CommandContainer.update(CommandContainer.java:198)
2021-03-10 17:13:33 INFO  TestBase:64 - STDOUT: 	at deployment.ROOT.war//org.h2.command.Command.executeUpdate(Command.java:251)
2021-03-10 17:13:33 INFO  TestBase:64 - STDOUT: 	at deployment.ROOT.war//org.h2.jdbc.JdbcStatement.executeInternal(JdbcStatement.java:228)
2021-03-10 17:13:33 INFO  TestBase:64 - STDOUT: 	at deployment.ROOT.war//org.h2.jdbc.JdbcStatement.execute(JdbcStatement.java:201)
2021-03-10 17:13:33 INFO  TestBase:64 - STDOUT: 	at org.jboss.ironjacamar.jdbcadapters@1.4.23.Final//org.jboss.jca.adapters.jdbc.WrappedStatement.execute(WrappedStatement.java:198)
2021-03-10 17:13:33 INFO  TestBase:64 - STDOUT: 	at org.hibernate@5.3.18.Final//org.hibernate.tool.schema.internal.exec.GenerationTargetToDatabase.accept(GenerationTargetToDatabase.java:54)
2021-03-10 17:13:33 INFO  TestBase:64 - STDOUT: 	... 25 more
2021-03-10 17:13:33 INFO  TestBase:64 - STDOUT: 
2021-03-10 17:13:33 INFO  TestBase:64 - STDOUT: Hibernate: 
2021-03-10 17:13:33 INFO  TestBase:64 - STDOUT:     
2021-03-10 17:13:33 INFO  TestBase:64 - STDOUT:     drop sequence CUSTOMER_ADDRESS_SEQ
2021-03-10 17:13:33 INFO  TestBase:64 - STDOUT: 16:13:33,348 WARN  [org.hibernate.tool.schema.internal.ExceptionHandlerLoggedImpl] (ServerService Thread Pool -- 48) GenerationTarget encountered exception accepting command : Error executing DDL "
2021-03-10 17:13:33 INFO  TestBase:64 - STDOUT:     drop sequence CUSTOMER_ADDRESS_SEQ" via JDBC Statement: org.hibernate.tool.schema.spi.CommandAcceptanceException: Error executing DDL "
2021-03-10 17:13:33 INFO  TestBase:64 - STDOUT:     drop sequence CUSTOMER_ADDRESS_SEQ" via JDBC Statement
2021-03-10 17:13:33 INFO  TestBase:64 - STDOUT: 	at org.hibernate@5.3.18.Final//org.hibernate.tool.schema.internal.exec.GenerationTargetToDatabase.accept(GenerationTargetToDatabase.java:67)
2021-03-10 17:13:33 INFO  TestBase:64 - STDOUT: 	at org.hibernate@5.3.18.Final//org.hibernate.tool.schema.internal.SchemaDropperImpl.applySqlString(SchemaDropperImpl.java:375)
2021-03-10 17:13:33 INFO  TestBase:64 - STDOUT: 	at org.hibernate@5.3.18.Final//org.hibernate.tool.schema.internal.SchemaDropperImpl.applySqlStrings(SchemaDropperImpl.java:359)
2021-03-10 17:13:33 INFO  TestBase:64 - STDOUT: 	at org.hibernate@5.3.18.Final//org.hibernate.tool.schema.internal.SchemaDropperImpl.dropFromMetadata(SchemaDropperImpl.java:249)
2021-03-10 17:13:33 INFO  TestBase:64 - STDOUT: 	at org.hibernate@5.3.18.Final//org.hibernate.tool.schema.internal.SchemaDropperImpl.performDrop(SchemaDropperImpl.java:154)
2021-03-10 17:13:33 INFO  TestBase:64 - STDOUT: 	at org.hibernate@5.3.18.Final//org.hibernate.tool.schema.internal.SchemaDropperImpl.doDrop(SchemaDropperImpl.java:126)
2021-03-10 17:13:33 INFO  TestBase:64 - STDOUT: 	at org.hibernate@5.3.18.Final//org.hibernate.tool.schema.internal.SchemaDropperImpl.doDrop(SchemaDropperImpl.java:112)
2021-03-10 17:13:33 INFO  TestBase:64 - STDOUT: 	at org.hibernate@5.3.18.Final//org.hibernate.tool.schema.spi.SchemaManagementToolCoordinator.performDatabaseAction(SchemaManagementToolCoordinator.java:144)
2021-03-10 17:13:33 INFO  TestBase:64 - STDOUT: 	at org.hibernate@5.3.18.Final//org.hibernate.tool.schema.spi.SchemaManagementToolCoordinator.process(SchemaManagementToolCoordinator.java:72)
2021-03-10 17:13:33 INFO  TestBase:64 - STDOUT: 	at org.hibernate@5.3.18.Final//org.hibernate.internal.SessionFactoryImpl.<init>(SessionFactoryImpl.java:310)
2021-03-10 17:13:33 INFO  TestBase:64 - STDOUT: 	at org.hibernate@5.3.18.Final//org.hibernate.boot.internal.SessionFactoryBuilderImpl.build(SessionFactoryBuilderImpl.java:467)
2021-03-10 17:13:33 INFO  TestBase:64 - STDOUT: 	at org.hibernate@5.3.18.Final//org.hibernate.jpa.boot.internal.EntityManagerFactoryBuilderImpl.build(EntityManagerFactoryBuilderImpl.java:1250)
2021-03-10 17:13:33 INFO  TestBase:64 - STDOUT: 	at org.hibernate@5.3.18.Final//org.hibernate.jpa.HibernatePersistenceProvider.createContainerEntityManagerFactory(HibernatePersistenceProvider.java:141)
2021-03-10 17:13:33 INFO  TestBase:64 - STDOUT: 	at org.jboss.as.jpa@21.0.0.Final//org.jboss.as.jpa.service.PersistenceUnitServiceImpl.createContainerEntityManagerFactory(PersistenceUnitServiceImpl.java:366)
2021-03-10 17:13:33 INFO  TestBase:64 - STDOUT: 	at org.jboss.as.jpa@21.0.0.Final//org.jboss.as.jpa.service.PersistenceUnitServiceImpl.access$1300(PersistenceUnitServiceImpl.java:71)
2021-03-10 17:13:33 INFO  TestBase:64 - STDOUT: 	at org.jboss.as.jpa@21.0.0.Final//org.jboss.as.jpa.service.PersistenceUnitServiceImpl$1$1.run(PersistenceUnitServiceImpl.java:190)
2021-03-10 17:13:33 INFO  TestBase:64 - STDOUT: 	at org.jboss.as.jpa@21.0.0.Final//org.jboss.as.jpa.service.PersistenceUnitServiceImpl$1$1.run(PersistenceUnitServiceImpl.java:128)
2021-03-10 17:13:33 INFO  TestBase:64 - STDOUT: 	at java.base/java.security.AccessController.doPrivileged(Native Method)
2021-03-10 17:13:33 INFO  TestBase:64 - STDOUT: 	at org.wildfly.security.elytron-private@1.13.1.Final//org.wildfly.security.manager.WildFlySecurityManager.doChecked(WildFlySecurityManager.java:659)
2021-03-10 17:13:33 INFO  TestBase:64 - STDOUT: 	at org.jboss.as.jpa@21.0.0.Final//org.jboss.as.jpa.service.PersistenceUnitServiceImpl$1.run(PersistenceUnitServiceImpl.java:213)
2021-03-10 17:13:33 INFO  TestBase:64 - STDOUT: 	at org.jboss.threads@2.4.0.Final//org.jboss.threads.ContextClassLoaderSavingRunnable.run(ContextClassLoaderSavingRunnable.java:35)
2021-03-10 17:13:33 INFO  TestBase:64 - STDOUT: 	at org.jboss.threads@2.4.0.Final//org.jboss.threads.EnhancedQueueExecutor.safeRun(EnhancedQueueExecutor.java:1990)
2021-03-10 17:13:33 INFO  TestBase:64 - STDOUT: 	at org.jboss.threads@2.4.0.Final//org.jboss.threads.EnhancedQueueExecutor$ThreadBody.doRunTask(EnhancedQueueExecutor.java:1486)
2021-03-10 17:13:33 INFO  TestBase:64 - STDOUT: 	at org.jboss.threads@2.4.0.Final//org.jboss.threads.EnhancedQueueExecutor$ThreadBody.run(EnhancedQueueExecutor.java:1377)
2021-03-10 17:13:33 INFO  TestBase:64 - STDOUT: 	at java.base/java.lang.Thread.run(Thread.java:834)
2021-03-10 17:13:33 INFO  TestBase:64 - STDOUT: 	at org.jboss.threads@2.4.0.Final//org.jboss.threads.JBossThread.run(JBossThread.java:513)
2021-03-10 17:13:33 INFO  TestBase:64 - STDOUT: Caused by: org.h2.jdbc.JdbcSQLSyntaxErrorException: Sequence "CUSTOMER_ADDRESS_SEQ" not found; SQL statement:
2021-03-10 17:13:33 INFO  TestBase:64 - STDOUT: 
2021-03-10 17:13:33 INFO  TestBase:64 - STDOUT:     drop sequence CUSTOMER_ADDRESS_SEQ [90036-200]
2021-03-10 17:13:33 INFO  TestBase:64 - STDOUT: 	at deployment.ROOT.war//org.h2.message.DbException.getJdbcSQLException(DbException.java:576)
2021-03-10 17:13:33 INFO  TestBase:64 - STDOUT: 	at deployment.ROOT.war//org.h2.message.DbException.getJdbcSQLException(DbException.java:429)
2021-03-10 17:13:33 INFO  TestBase:64 - STDOUT: 	at deployment.ROOT.war//org.h2.message.DbException.get(DbException.java:205)
2021-03-10 17:13:33 INFO  TestBase:64 - STDOUT: 	at deployment.ROOT.war//org.h2.message.DbException.get(DbException.java:181)
2021-03-10 17:13:33 INFO  TestBase:64 - STDOUT: 	at deployment.ROOT.war//org.h2.command.ddl.DropSequence.update(DropSequence.java:45)
2021-03-10 17:13:33 INFO  TestBase:64 - STDOUT: 	at deployment.ROOT.war//org.h2.command.CommandContainer.update(CommandContainer.java:198)
2021-03-10 17:13:33 INFO  TestBase:64 - STDOUT: 	at deployment.ROOT.war//org.h2.command.Command.executeUpdate(Command.java:251)
2021-03-10 17:13:33 INFO  TestBase:64 - STDOUT: 	at deployment.ROOT.war//org.h2.jdbc.JdbcStatement.executeInternal(JdbcStatement.java:228)
2021-03-10 17:13:33 INFO  TestBase:64 - STDOUT: 	at deployment.ROOT.war//org.h2.jdbc.JdbcStatement.execute(JdbcStatement.java:201)
2021-03-10 17:13:33 INFO  TestBase:64 - STDOUT: 	at org.jboss.ironjacamar.jdbcadapters@1.4.23.Final//org.jboss.jca.adapters.jdbc.WrappedStatement.execute(WrappedStatement.java:198)
2021-03-10 17:13:33 INFO  TestBase:64 - STDOUT: 	at org.hibernate@5.3.18.Final//org.hibernate.tool.schema.internal.exec.GenerationTargetToDatabase.accept(GenerationTargetToDatabase.java:54)
2021-03-10 17:13:33 INFO  TestBase:64 - STDOUT: 	... 25 more
2021-03-10 17:13:33 INFO  TestBase:64 - STDOUT: 
2021-03-10 17:13:33 INFO  TestBase:64 - STDOUT: Hibernate: 
2021-03-10 17:13:33 INFO  TestBase:64 - STDOUT:     
2021-03-10 17:13:33 INFO  TestBase:64 - STDOUT:     drop sequence CUSTOMER_CONTACT_DETAILS_SEQ
2021-03-10 17:13:33 INFO  TestBase:64 - STDOUT: 16:13:33,349 WARN  [org.hibernate.tool.schema.internal.ExceptionHandlerLoggedImpl] (ServerService Thread Pool -- 48) GenerationTarget encountered exception accepting command : Error executing DDL "
2021-03-10 17:13:33 INFO  TestBase:64 - STDOUT:     drop sequence CUSTOMER_CONTACT_DETAILS_SEQ" via JDBC Statement: org.hibernate.tool.schema.spi.CommandAcceptanceException: Error executing DDL "
2021-03-10 17:13:33 INFO  TestBase:64 - STDOUT:     drop sequence CUSTOMER_CONTACT_DETAILS_SEQ" via JDBC Statement
2021-03-10 17:13:33 INFO  TestBase:64 - STDOUT: 	at org.hibernate@5.3.18.Final//org.hibernate.tool.schema.internal.exec.GenerationTargetToDatabase.accept(GenerationTargetToDatabase.java:67)
2021-03-10 17:13:33 INFO  TestBase:64 - STDOUT: 	at org.hibernate@5.3.18.Final//org.hibernate.tool.schema.internal.SchemaDropperImpl.applySqlString(SchemaDropperImpl.java:375)
2021-03-10 17:13:33 INFO  TestBase:64 - STDOUT: 	at org.hibernate@5.3.18.Final//org.hibernate.tool.schema.internal.SchemaDropperImpl.applySqlStrings(SchemaDropperImpl.java:359)
2021-03-10 17:13:33 INFO  TestBase:64 - STDOUT: 	at org.hibernate@5.3.18.Final//org.hibernate.tool.schema.internal.SchemaDropperImpl.dropFromMetadata(SchemaDropperImpl.java:249)
2021-03-10 17:13:33 INFO  TestBase:64 - STDOUT: 	at org.hibernate@5.3.18.Final//org.hibernate.tool.schema.internal.SchemaDropperImpl.performDrop(SchemaDropperImpl.java:154)
2021-03-10 17:13:33 INFO  TestBase:64 - STDOUT: 	at org.hibernate@5.3.18.Final//org.hibernate.tool.schema.internal.SchemaDropperImpl.doDrop(SchemaDropperImpl.java:126)
2021-03-10 17:13:33 INFO  TestBase:64 - STDOUT: 	at org.hibernate@5.3.18.Final//org.hibernate.tool.schema.internal.SchemaDropperImpl.doDrop(SchemaDropperImpl.java:112)
2021-03-10 17:13:33 INFO  TestBase:64 - STDOUT: 	at org.hibernate@5.3.18.Final//org.hibernate.tool.schema.spi.SchemaManagementToolCoordinator.performDatabaseAction(SchemaManagementToolCoordinator.java:144)
2021-03-10 17:13:33 INFO  TestBase:64 - STDOUT: 	at org.hibernate@5.3.18.Final//org.hibernate.tool.schema.spi.SchemaManagementToolCoordinator.process(SchemaManagementToolCoordinator.java:72)
2021-03-10 17:13:33 INFO  TestBase:64 - STDOUT: 	at org.hibernate@5.3.18.Final//org.hibernate.internal.SessionFactoryImpl.<init>(SessionFactoryImpl.java:310)
2021-03-10 17:13:33 INFO  TestBase:64 - STDOUT: 	at org.hibernate@5.3.18.Final//org.hibernate.boot.internal.SessionFactoryBuilderImpl.build(SessionFactoryBuilderImpl.java:467)
2021-03-10 17:13:33 INFO  TestBase:64 - STDOUT: 	at org.hibernate@5.3.18.Final//org.hibernate.jpa.boot.internal.EntityManagerFactoryBuilderImpl.build(EntityManagerFactoryBuilderImpl.java:1250)
2021-03-10 17:13:33 INFO  TestBase:64 - STDOUT: 	at org.hibernate@5.3.18.Final//org.hibernate.jpa.HibernatePersistenceProvider.createContainerEntityManagerFactory(HibernatePersistenceProvider.java:141)
2021-03-10 17:13:33 INFO  TestBase:64 - STDOUT: 	at org.jboss.as.jpa@21.0.0.Final//org.jboss.as.jpa.service.PersistenceUnitServiceImpl.createContainerEntityManagerFactory(PersistenceUnitServiceImpl.java:366)
2021-03-10 17:13:33 INFO  TestBase:64 - STDOUT: 	at org.jboss.as.jpa@21.0.0.Final//org.jboss.as.jpa.service.PersistenceUnitServiceImpl.access$1300(PersistenceUnitServiceImpl.java:71)
2021-03-10 17:13:33 INFO  TestBase:64 - STDOUT: 	at org.jboss.as.jpa@21.0.0.Final//org.jboss.as.jpa.service.PersistenceUnitServiceImpl$1$1.run(PersistenceUnitServiceImpl.java:190)
2021-03-10 17:13:33 INFO  TestBase:64 - STDOUT: 	at org.jboss.as.jpa@21.0.0.Final//org.jboss.as.jpa.service.PersistenceUnitServiceImpl$1$1.run(PersistenceUnitServiceImpl.java:128)
2021-03-10 17:13:33 INFO  TestBase:64 - STDOUT: 	at java.base/java.security.AccessController.doPrivileged(Native Method)
2021-03-10 17:13:33 INFO  TestBase:64 - STDOUT: 	at org.wildfly.security.elytron-private@1.13.1.Final//org.wildfly.security.manager.WildFlySecurityManager.doChecked(WildFlySecurityManager.java:659)
2021-03-10 17:13:33 INFO  TestBase:64 - STDOUT: 	at org.jboss.as.jpa@21.0.0.Final//org.jboss.as.jpa.service.PersistenceUnitServiceImpl$1.run(PersistenceUnitServiceImpl.java:213)
2021-03-10 17:13:33 INFO  TestBase:64 - STDOUT: 	at org.jboss.threads@2.4.0.Final//org.jboss.threads.ContextClassLoaderSavingRunnable.run(ContextClassLoaderSavingRunnable.java:35)
2021-03-10 17:13:33 INFO  TestBase:64 - STDOUT: 	at org.jboss.threads@2.4.0.Final//org.jboss.threads.EnhancedQueueExecutor.safeRun(EnhancedQueueExecutor.java:1990)
2021-03-10 17:13:33 INFO  TestBase:64 - STDOUT: 	at org.jboss.threads@2.4.0.Final//org.jboss.threads.EnhancedQueueExecutor$ThreadBody.doRunTask(EnhancedQueueExecutor.java:1486)
2021-03-10 17:13:33 INFO  TestBase:64 - STDOUT: 	at org.jboss.threads@2.4.0.Final//org.jboss.threads.EnhancedQueueExecutor$ThreadBody.run(EnhancedQueueExecutor.java:1377)
2021-03-10 17:13:33 INFO  TestBase:64 - STDOUT: 	at java.base/java.lang.Thread.run(Thread.java:834)
2021-03-10 17:13:33 INFO  TestBase:64 - STDOUT: 	at org.jboss.threads@2.4.0.Final//org.jboss.threads.JBossThread.run(JBossThread.java:513)
2021-03-10 17:13:33 INFO  TestBase:64 - STDOUT: Caused by: org.h2.jdbc.JdbcSQLSyntaxErrorException: Sequence "CUSTOMER_CONTACT_DETAILS_SEQ" not found; SQL statement:
2021-03-10 17:13:33 INFO  TestBase:64 - STDOUT: 
2021-03-10 17:13:33 INFO  TestBase:64 - STDOUT:     drop sequence CUSTOMER_CONTACT_DETAILS_SEQ [90036-200]
2021-03-10 17:13:33 INFO  TestBase:64 - STDOUT: 	at deployment.ROOT.war//org.h2.message.DbException.getJdbcSQLException(DbException.java:576)
2021-03-10 17:13:33 INFO  TestBase:64 - STDOUT: 	at deployment.ROOT.war//org.h2.message.DbException.getJdbcSQLException(DbException.java:429)
2021-03-10 17:13:33 INFO  TestBase:64 - STDOUT: 	at deployment.ROOT.war//org.h2.message.DbException.get(DbException.java:205)
2021-03-10 17:13:33 INFO  TestBase:64 - STDOUT: 	at deployment.ROOT.war//org.h2.message.DbException.get(DbException.java:181)
2021-03-10 17:13:33 INFO  TestBase:64 - STDOUT: 	at deployment.ROOT.war//org.h2.command.ddl.DropSequence.update(DropSequence.java:45)
2021-03-10 17:13:33 INFO  TestBase:64 - STDOUT: 	at deployment.ROOT.war//org.h2.command.CommandContainer.update(CommandContainer.java:198)
2021-03-10 17:13:33 INFO  TestBase:64 - STDOUT: 	at deployment.ROOT.war//org.h2.command.Command.executeUpdate(Command.java:251)
2021-03-10 17:13:33 INFO  TestBase:64 - STDOUT: 	at deployment.ROOT.war//org.h2.jdbc.JdbcStatement.executeInternal(JdbcStatement.java:228)
2021-03-10 17:13:33 INFO  TestBase:64 - STDOUT: 	at deployment.ROOT.war//org.h2.jdbc.JdbcStatement.execute(JdbcStatement.java:201)
2021-03-10 17:13:33 INFO  TestBase:64 - STDOUT: 	at org.jboss.ironjacamar.jdbcadapters@1.4.23.Final//org.jboss.jca.adapters.jdbc.WrappedStatement.execute(WrappedStatement.java:198)
2021-03-10 17:13:33 INFO  TestBase:64 - STDOUT: 	at org.hibernate@5.3.18.Final//org.hibernate.tool.schema.internal.exec.GenerationTargetToDatabase.accept(GenerationTargetToDatabase.java:54)
2021-03-10 17:13:33 INFO  TestBase:64 - STDOUT: 	... 25 more
2021-03-10 17:13:33 INFO  TestBase:64 - STDOUT: 
2021-03-10 17:13:33 INFO  TestBase:64 - STDOUT: Hibernate: 
2021-03-10 17:13:33 INFO  TestBase:64 - STDOUT:     
2021-03-10 17:13:33 INFO  TestBase:64 - STDOUT:     drop sequence CUSTOMER_PHONE_NUMBER_SEQ
2021-03-10 17:13:33 INFO  TestBase:64 - STDOUT: 16:13:33,350 WARN  [org.hibernate.tool.schema.internal.ExceptionHandlerLoggedImpl] (ServerService Thread Pool -- 48) GenerationTarget encountered exception accepting command : Error executing DDL "
2021-03-10 17:13:33 INFO  TestBase:64 - STDOUT:     drop sequence CUSTOMER_PHONE_NUMBER_SEQ" via JDBC Statement: org.hibernate.tool.schema.spi.CommandAcceptanceException: Error executing DDL "
2021-03-10 17:13:33 INFO  TestBase:64 - STDOUT:     drop sequence CUSTOMER_PHONE_NUMBER_SEQ" via JDBC Statement
2021-03-10 17:13:33 INFO  TestBase:64 - STDOUT: 	at org.hibernate@5.3.18.Final//org.hibernate.tool.schema.internal.exec.GenerationTargetToDatabase.accept(GenerationTargetToDatabase.java:67)
2021-03-10 17:13:33 INFO  TestBase:64 - STDOUT: 	at org.hibernate@5.3.18.Final//org.hibernate.tool.schema.internal.SchemaDropperImpl.applySqlString(SchemaDropperImpl.java:375)
2021-03-10 17:13:33 INFO  TestBase:64 - STDOUT: 	at org.hibernate@5.3.18.Final//org.hibernate.tool.schema.internal.SchemaDropperImpl.applySqlStrings(SchemaDropperImpl.java:359)
2021-03-10 17:13:33 INFO  TestBase:64 - STDOUT: 	at org.hibernate@5.3.18.Final//org.hibernate.tool.schema.internal.SchemaDropperImpl.dropFromMetadata(SchemaDropperImpl.java:249)
2021-03-10 17:13:33 INFO  TestBase:64 - STDOUT: 	at org.hibernate@5.3.18.Final//org.hibernate.tool.schema.internal.SchemaDropperImpl.performDrop(SchemaDropperImpl.java:154)
2021-03-10 17:13:33 INFO  TestBase:64 - STDOUT: 	at org.hibernate@5.3.18.Final//org.hibernate.tool.schema.internal.SchemaDropperImpl.doDrop(SchemaDropperImpl.java:126)
2021-03-10 17:13:33 INFO  TestBase:64 - STDOUT: 	at org.hibernate@5.3.18.Final//org.hibernate.tool.schema.internal.SchemaDropperImpl.doDrop(SchemaDropperImpl.java:112)
2021-03-10 17:13:33 INFO  TestBase:64 - STDOUT: 	at org.hibernate@5.3.18.Final//org.hibernate.tool.schema.spi.SchemaManagementToolCoordinator.performDatabaseAction(SchemaManagementToolCoordinator.java:144)
2021-03-10 17:13:33 INFO  TestBase:64 - STDOUT: 	at org.hibernate@5.3.18.Final//org.hibernate.tool.schema.spi.SchemaManagementToolCoordinator.process(SchemaManagementToolCoordinator.java:72)
2021-03-10 17:13:33 INFO  TestBase:64 - STDOUT: 	at org.hibernate@5.3.18.Final//org.hibernate.internal.SessionFactoryImpl.<init>(SessionFactoryImpl.java:310)
2021-03-10 17:13:33 INFO  TestBase:64 - STDOUT: 	at org.hibernate@5.3.18.Final//org.hibernate.boot.internal.SessionFactoryBuilderImpl.build(SessionFactoryBuilderImpl.java:467)
2021-03-10 17:13:33 INFO  TestBase:64 - STDOUT: 	at org.hibernate@5.3.18.Final//org.hibernate.jpa.boot.internal.EntityManagerFactoryBuilderImpl.build(EntityManagerFactoryBuilderImpl.java:1250)
2021-03-10 17:13:33 INFO  TestBase:64 - STDOUT: 	at org.hibernate@5.3.18.Final//org.hibernate.jpa.HibernatePersistenceProvider.createContainerEntityManagerFactory(HibernatePersistenceProvider.java:141)
2021-03-10 17:13:33 INFO  TestBase:64 - STDOUT: 	at org.jboss.as.jpa@21.0.0.Final//org.jboss.as.jpa.service.PersistenceUnitServiceImpl.createContainerEntityManagerFactory(PersistenceUnitServiceImpl.java:366)
2021-03-10 17:13:33 INFO  TestBase:64 - STDOUT: 	at org.jboss.as.jpa@21.0.0.Final//org.jboss.as.jpa.service.PersistenceUnitServiceImpl.access$1300(PersistenceUnitServiceImpl.java:71)
2021-03-10 17:13:33 INFO  TestBase:64 - STDOUT: 	at org.jboss.as.jpa@21.0.0.Final//org.jboss.as.jpa.service.PersistenceUnitServiceImpl$1$1.run(PersistenceUnitServiceImpl.java:190)
2021-03-10 17:13:33 INFO  TestBase:64 - STDOUT: 	at org.jboss.as.jpa@21.0.0.Final//org.jboss.as.jpa.service.PersistenceUnitServiceImpl$1$1.run(PersistenceUnitServiceImpl.java:128)
2021-03-10 17:13:33 INFO  TestBase:64 - STDOUT: 	at java.base/java.security.AccessController.doPrivileged(Native Method)
2021-03-10 17:13:33 INFO  TestBase:64 - STDOUT: 	at org.wildfly.security.elytron-private@1.13.1.Final//org.wildfly.security.manager.WildFlySecurityManager.doChecked(WildFlySecurityManager.java:659)
2021-03-10 17:13:33 INFO  TestBase:64 - STDOUT: 	at org.jboss.as.jpa@21.0.0.Final//org.jboss.as.jpa.service.PersistenceUnitServiceImpl$1.run(PersistenceUnitServiceImpl.java:213)
2021-03-10 17:13:33 INFO  TestBase:64 - STDOUT: 	at org.jboss.threads@2.4.0.Final//org.jboss.threads.ContextClassLoaderSavingRunnable.run(ContextClassLoaderSavingRunnable.java:35)
2021-03-10 17:13:33 INFO  TestBase:64 - STDOUT: 	at org.jboss.threads@2.4.0.Final//org.jboss.threads.EnhancedQueueExecutor.safeRun(EnhancedQueueExecutor.java:1990)
2021-03-10 17:13:33 INFO  TestBase:64 - STDOUT: 	at org.jboss.threads@2.4.0.Final//org.jboss.threads.EnhancedQueueExecutor$ThreadBody.doRunTask(EnhancedQueueExecutor.java:1486)
2021-03-10 17:13:33 INFO  TestBase:64 - STDOUT: 	at org.jboss.threads@2.4.0.Final//org.jboss.threads.EnhancedQueueExecutor$ThreadBody.run(EnhancedQueueExecutor.java:1377)
2021-03-10 17:13:33 INFO  TestBase:64 - STDOUT: 	at java.base/java.lang.Thread.run(Thread.java:834)
2021-03-10 17:13:33 INFO  TestBase:64 - STDOUT: 	at org.jboss.threads@2.4.0.Final//org.jboss.threads.JBossThread.run(JBossThread.java:513)
2021-03-10 17:13:33 INFO  TestBase:64 - STDOUT: Caused by: org.h2.jdbc.JdbcSQLSyntaxErrorException: Sequence "CUSTOMER_PHONE_NUMBER_SEQ" not found; SQL statement:
2021-03-10 17:13:33 INFO  TestBase:64 - STDOUT: 
2021-03-10 17:13:33 INFO  TestBase:64 - STDOUT:     drop sequence CUSTOMER_PHONE_NUMBER_SEQ [90036-200]
2021-03-10 17:13:33 INFO  TestBase:64 - STDOUT: 	at deployment.ROOT.war//org.h2.message.DbException.getJdbcSQLException(DbException.java:576)
2021-03-10 17:13:33 INFO  TestBase:64 - STDOUT: 	at deployment.ROOT.war//org.h2.message.DbException.getJdbcSQLException(DbException.java:429)
2021-03-10 17:13:33 INFO  TestBase:64 - STDOUT: 	at deployment.ROOT.war//org.h2.message.DbException.get(DbException.java:205)
2021-03-10 17:13:33 INFO  TestBase:64 - STDOUT: 	at deployment.ROOT.war//org.h2.message.DbException.get(DbException.java:181)
2021-03-10 17:13:33 INFO  TestBase:64 - STDOUT: 	at deployment.ROOT.war//org.h2.command.ddl.DropSequence.update(DropSequence.java:45)
2021-03-10 17:13:33 INFO  TestBase:64 - STDOUT: 	at deployment.ROOT.war//org.h2.command.CommandContainer.update(CommandContainer.java:198)
2021-03-10 17:13:33 INFO  TestBase:64 - STDOUT: 	at deployment.ROOT.war//org.h2.command.Command.executeUpdate(Command.java:251)
2021-03-10 17:13:33 INFO  TestBase:64 - STDOUT: 	at deployment.ROOT.war//org.h2.jdbc.JdbcStatement.executeInternal(JdbcStatement.java:228)
2021-03-10 17:13:33 INFO  TestBase:64 - STDOUT: 	at deployment.ROOT.war//org.h2.jdbc.JdbcStatement.execute(JdbcStatement.java:201)
2021-03-10 17:13:33 INFO  TestBase:64 - STDOUT: 	at org.jboss.ironjacamar.jdbcadapters@1.4.23.Final//org.jboss.jca.adapters.jdbc.WrappedStatement.execute(WrappedStatement.java:198)
2021-03-10 17:13:33 INFO  TestBase:64 - STDOUT: 	at org.hibernate@5.3.18.Final//org.hibernate.tool.schema.internal.exec.GenerationTargetToDatabase.accept(GenerationTargetToDatabase.java:54)
2021-03-10 17:13:33 INFO  TestBase:64 - STDOUT: 	... 25 more
2021-03-10 17:13:33 INFO  TestBase:64 - STDOUT: 
2021-03-10 17:13:33 INFO  TestBase:64 - STDOUT: Hibernate: 
2021-03-10 17:13:33 INFO  TestBase:64 - STDOUT:     
2021-03-10 17:13:33 INFO  TestBase:64 - STDOUT:     drop sequence CUSTOMERS_SEQ
2021-03-10 17:13:33 INFO  TestBase:64 - STDOUT: 16:13:33,350 WARN  [org.hibernate.tool.schema.internal.ExceptionHandlerLoggedImpl] (ServerService Thread Pool -- 48) GenerationTarget encountered exception accepting command : Error executing DDL "
2021-03-10 17:13:33 INFO  TestBase:64 - STDOUT:     drop sequence CUSTOMERS_SEQ" via JDBC Statement: org.hibernate.tool.schema.spi.CommandAcceptanceException: Error executing DDL "
2021-03-10 17:13:33 INFO  TestBase:64 - STDOUT:     drop sequence CUSTOMERS_SEQ" via JDBC Statement
2021-03-10 17:13:33 INFO  TestBase:64 - STDOUT: 	at org.hibernate@5.3.18.Final//org.hibernate.tool.schema.internal.exec.GenerationTargetToDatabase.accept(GenerationTargetToDatabase.java:67)
2021-03-10 17:13:33 INFO  TestBase:64 - STDOUT: 	at org.hibernate@5.3.18.Final//org.hibernate.tool.schema.internal.SchemaDropperImpl.applySqlString(SchemaDropperImpl.java:375)
2021-03-10 17:13:33 INFO  TestBase:64 - STDOUT: 	at org.hibernate@5.3.18.Final//org.hibernate.tool.schema.internal.SchemaDropperImpl.applySqlStrings(SchemaDropperImpl.java:359)
2021-03-10 17:13:33 INFO  TestBase:64 - STDOUT: 	at org.hibernate@5.3.18.Final//org.hibernate.tool.schema.internal.SchemaDropperImpl.dropFromMetadata(SchemaDropperImpl.java:249)
2021-03-10 17:13:33 INFO  TestBase:64 - STDOUT: 	at org.hibernate@5.3.18.Final//org.hibernate.tool.schema.internal.SchemaDropperImpl.performDrop(SchemaDropperImpl.java:154)
2021-03-10 17:13:33 INFO  TestBase:64 - STDOUT: 	at org.hibernate@5.3.18.Final//org.hibernate.tool.schema.internal.SchemaDropperImpl.doDrop(SchemaDropperImpl.java:126)
2021-03-10 17:13:33 INFO  TestBase:64 - STDOUT: 	at org.hibernate@5.3.18.Final//org.hibernate.tool.schema.internal.SchemaDropperImpl.doDrop(SchemaDropperImpl.java:112)
2021-03-10 17:13:33 INFO  TestBase:64 - STDOUT: 	at org.hibernate@5.3.18.Final//org.hibernate.tool.schema.spi.SchemaManagementToolCoordinator.performDatabaseAction(SchemaManagementToolCoordinator.java:144)
2021-03-10 17:13:33 INFO  TestBase:64 - STDOUT: 	at org.hibernate@5.3.18.Final//org.hibernate.tool.schema.spi.SchemaManagementToolCoordinator.process(SchemaManagementToolCoordinator.java:72)
2021-03-10 17:13:33 INFO  TestBase:64 - STDOUT: 	at org.hibernate@5.3.18.Final//org.hibernate.internal.SessionFactoryImpl.<init>(SessionFactoryImpl.java:310)
2021-03-10 17:13:33 INFO  TestBase:64 - STDOUT: 	at org.hibernate@5.3.18.Final//org.hibernate.boot.internal.SessionFactoryBuilderImpl.build(SessionFactoryBuilderImpl.java:467)
2021-03-10 17:13:33 INFO  TestBase:64 - STDOUT: 	at org.hibernate@5.3.18.Final//org.hibernate.jpa.boot.internal.EntityManagerFactoryBuilderImpl.build(EntityManagerFactoryBuilderImpl.java:1250)
2021-03-10 17:13:33 INFO  TestBase:64 - STDOUT: 	at org.hibernate@5.3.18.Final//org.hibernate.jpa.HibernatePersistenceProvider.createContainerEntityManagerFactory(HibernatePersistenceProvider.java:141)
2021-03-10 17:13:33 INFO  TestBase:64 - STDOUT: 	at org.jboss.as.jpa@21.0.0.Final//org.jboss.as.jpa.service.PersistenceUnitServiceImpl.createContainerEntityManagerFactory(PersistenceUnitServiceImpl.java:366)
2021-03-10 17:13:33 INFO  TestBase:64 - STDOUT: 	at org.jboss.as.jpa@21.0.0.Final//org.jboss.as.jpa.service.PersistenceUnitServiceImpl.access$1300(PersistenceUnitServiceImpl.java:71)
2021-03-10 17:13:33 INFO  TestBase:64 - STDOUT: 	at org.jboss.as.jpa@21.0.0.Final//org.jboss.as.jpa.service.PersistenceUnitServiceImpl$1$1.run(PersistenceUnitServiceImpl.java:190)
2021-03-10 17:13:33 INFO  TestBase:64 - STDOUT: 	at org.jboss.as.jpa@21.0.0.Final//org.jboss.as.jpa.service.PersistenceUnitServiceImpl$1$1.run(PersistenceUnitServiceImpl.java:128)
2021-03-10 17:13:33 INFO  TestBase:64 - STDOUT: 	at java.base/java.security.AccessController.doPrivileged(Native Method)
2021-03-10 17:13:33 INFO  TestBase:64 - STDOUT: 	at org.wildfly.security.elytron-private@1.13.1.Final//org.wildfly.security.manager.WildFlySecurityManager.doChecked(WildFlySecurityManager.java:659)
2021-03-10 17:13:33 INFO  TestBase:64 - STDOUT: 	at org.jboss.as.jpa@21.0.0.Final//org.jboss.as.jpa.service.PersistenceUnitServiceImpl$1.run(PersistenceUnitServiceImpl.java:213)
2021-03-10 17:13:33 INFO  TestBase:64 - STDOUT: 	at org.jboss.threads@2.4.0.Final//org.jboss.threads.ContextClassLoaderSavingRunnable.run(ContextClassLoaderSavingRunnable.java:35)
2021-03-10 17:13:33 INFO  TestBase:64 - STDOUT: 	at org.jboss.threads@2.4.0.Final//org.jboss.threads.EnhancedQueueExecutor.safeRun(EnhancedQueueExecutor.java:1990)
2021-03-10 17:13:33 INFO  TestBase:64 - STDOUT: 	at org.jboss.threads@2.4.0.Final//org.jboss.threads.EnhancedQueueExecutor$ThreadBody.doRunTask(EnhancedQueueExecutor.java:1486)
2021-03-10 17:13:33 INFO  TestBase:64 - STDOUT: 	at org.jboss.threads@2.4.0.Final//org.jboss.threads.EnhancedQueueExecutor$ThreadBody.run(EnhancedQueueExecutor.java:1377)
2021-03-10 17:13:33 INFO  TestBase:64 - STDOUT: 	at java.base/java.lang.Thread.run(Thread.java:834)
2021-03-10 17:13:33 INFO  TestBase:64 - STDOUT: 	at org.jboss.threads@2.4.0.Final//org.jboss.threads.JBossThread.run(JBossThread.java:513)
2021-03-10 17:13:33 INFO  TestBase:64 - STDOUT: Caused by: org.h2.jdbc.JdbcSQLSyntaxErrorException: Sequence "CUSTOMERS_SEQ" not found; SQL statement:
2021-03-10 17:13:33 INFO  TestBase:64 - STDOUT: 
2021-03-10 17:13:33 INFO  TestBase:64 - STDOUT:     drop sequence CUSTOMERS_SEQ [90036-200]
2021-03-10 17:13:33 INFO  TestBase:64 - STDOUT: 	at deployment.ROOT.war//org.h2.message.DbException.getJdbcSQLException(DbException.java:576)
2021-03-10 17:13:33 INFO  TestBase:64 - STDOUT: 	at deployment.ROOT.war//org.h2.message.DbException.getJdbcSQLException(DbException.java:429)
2021-03-10 17:13:33 INFO  TestBase:64 - STDOUT: 	at deployment.ROOT.war//org.h2.message.DbException.get(DbException.java:205)
2021-03-10 17:13:33 INFO  TestBase:64 - STDOUT: 	at deployment.ROOT.war//org.h2.message.DbException.get(DbException.java:181)
2021-03-10 17:13:33 INFO  TestBase:64 - STDOUT: 	at deployment.ROOT.war//org.h2.command.ddl.DropSequence.update(DropSequence.java:45)
2021-03-10 17:13:33 INFO  TestBase:64 - STDOUT: 	at deployment.ROOT.war//org.h2.command.CommandContainer.update(CommandContainer.java:198)
2021-03-10 17:13:33 INFO  TestBase:64 - STDOUT: 	at deployment.ROOT.war//org.h2.command.Command.executeUpdate(Command.java:251)
2021-03-10 17:13:33 INFO  TestBase:64 - STDOUT: 	at deployment.ROOT.war//org.h2.jdbc.JdbcStatement.executeInternal(JdbcStatement.java:228)
2021-03-10 17:13:33 INFO  TestBase:64 - STDOUT: 	at deployment.ROOT.war//org.h2.jdbc.JdbcStatement.execute(JdbcStatement.java:201)
2021-03-10 17:13:33 INFO  TestBase:64 - STDOUT: 	at org.jboss.ironjacamar.jdbcadapters@1.4.23.Final//org.jboss.jca.adapters.jdbc.WrappedStatement.execute(WrappedStatement.java:198)
2021-03-10 17:13:33 INFO  TestBase:64 - STDOUT: 	at org.hibernate@5.3.18.Final//org.hibernate.tool.schema.internal.exec.GenerationTargetToDatabase.accept(GenerationTargetToDatabase.java:54)
2021-03-10 17:13:33 INFO  TestBase:64 - STDOUT: 	... 25 more
2021-03-10 17:13:33 INFO  TestBase:64 - STDOUT: 
2021-03-10 17:13:33 INFO  TestBase:64 - STDOUT: Hibernate: create sequence CUSTOMER_ADDRESS_SEQ start with 1 increment by  50
2021-03-10 17:13:33 INFO  TestBase:64 - STDOUT: Hibernate: create sequence CUSTOMER_CONTACT_DETAILS_SEQ start with 1 increment by  50
2021-03-10 17:13:33 INFO  TestBase:64 - STDOUT: Hibernate: create sequence CUSTOMER_PHONE_NUMBER_SEQ start with 1 increment by  50
2021-03-10 17:13:33 INFO  TestBase:64 - STDOUT: Hibernate: create sequence CUSTOMERS_SEQ start with 1 increment by  50
2021-03-10 17:13:33 INFO  TestBase:64 - STDOUT: Hibernate: 
2021-03-10 17:13:33 INFO  TestBase:64 - STDOUT:     
2021-03-10 17:13:33 INFO  TestBase:64 - STDOUT:     create table CUSTOMER_ADDRESSES (
2021-03-10 17:13:33 INFO  TestBase:64 - STDOUT:        CUSTOMER_ADDRESS_ID number(19,0) not null,
2021-03-10 17:13:33 INFO  TestBase:64 - STDOUT:         CITY varchar2(20 char) not null,
2021-03-10 17:13:33 INFO  TestBase:64 - STDOUT:         COUNTRY varchar2(20 char) not null,
2021-03-10 17:13:33 INFO  TestBase:64 - STDOUT:         STREET_NUMBER number(10,0) not null,
2021-03-10 17:13:33 INFO  TestBase:64 - STDOUT:         PROVINCE varchar2(20 char) not null,
2021-03-10 17:13:33 INFO  TestBase:64 - STDOUT:         STREET_NAME varchar2(30 char) not null,
2021-03-10 17:13:33 INFO  TestBase:64 - STDOUT:         ZIP_CODE varchar2(5 char) not null,
2021-03-10 17:13:33 INFO  TestBase:64 - STDOUT:         primary key (CUSTOMER_ADDRESS_ID)
2021-03-10 17:13:33 INFO  TestBase:64 - STDOUT:     )
2021-03-10 17:13:33 INFO  TestBase:64 - STDOUT: Hibernate: 
2021-03-10 17:13:33 INFO  TestBase:64 - STDOUT:     
2021-03-10 17:13:33 INFO  TestBase:64 - STDOUT:     create table CUSTOMER_CONTACT_DETAILS (
2021-03-10 17:13:33 INFO  TestBase:64 - STDOUT:        CUSTOMER_CONTACT_DETAILS_ID number(19,0) not null,
2021-03-10 17:13:33 INFO  TestBase:64 - STDOUT:         EMAIL_ADDRESS varchar2(255 char) not null,
2021-03-10 17:13:33 INFO  TestBase:64 - STDOUT:         FIRST_NAME varchar2(20 char) not null,
2021-03-10 17:13:33 INFO  TestBase:64 - STDOUT:         LAST_NAME varchar2(40 char) not null,
2021-03-10 17:13:33 INFO  TestBase:64 - STDOUT:         CUSTOMER_ADDRESS_ID number(19,0),
2021-03-10 17:13:33 INFO  TestBase:64 - STDOUT:         CUSTOMER_PHONE_NUMBER_ID number(19,0),
2021-03-10 17:13:33 INFO  TestBase:64 - STDOUT:         primary key (CUSTOMER_CONTACT_DETAILS_ID)
2021-03-10 17:13:33 INFO  TestBase:64 - STDOUT:     )
2021-03-10 17:13:33 INFO  TestBase:64 - STDOUT: Hibernate: 
2021-03-10 17:13:33 INFO  TestBase:64 - STDOUT:     
2021-03-10 17:13:33 INFO  TestBase:64 - STDOUT:     create table CUSTOMER_PHONE_NUMBERS (
2021-03-10 17:13:33 INFO  TestBase:64 - STDOUT:        CUSTOMER_PHONE_NUMBER_ID number(19,0) not null,
2021-03-10 17:13:33 INFO  TestBase:64 - STDOUT:         AREA_CODE number(10,0) not null,
2021-03-10 17:13:33 INFO  TestBase:64 - STDOUT:         EXCHANGE number(10,0) not null,
2021-03-10 17:13:33 INFO  TestBase:64 - STDOUT:         EXTENSION number(10,0) not null,
2021-03-10 17:13:33 INFO  TestBase:64 - STDOUT:         primary key (CUSTOMER_PHONE_NUMBER_ID)
2021-03-10 17:13:33 INFO  TestBase:64 - STDOUT:     )
2021-03-10 17:13:33 INFO  TestBase:64 - STDOUT: Hibernate: 
2021-03-10 17:13:33 INFO  TestBase:64 - STDOUT:     
2021-03-10 17:13:33 INFO  TestBase:64 - STDOUT:     create table CUSTOMERS (
2021-03-10 17:13:33 INFO  TestBase:64 - STDOUT:        CUSTOMER_ID number(19,0) not null,
2021-03-10 17:13:33 INFO  TestBase:64 - STDOUT:         CUSTOMER_REFERENCE varchar2(10 char) not null,
2021-03-10 17:13:33 INFO  TestBase:64 - STDOUT:         CUSTOMER_TYPE number(10,0) not null,
2021-03-10 17:13:33 INFO  TestBase:64 - STDOUT:         CUSTOMER_CONTACT_DETAILS_ID number(19,0),
2021-03-10 17:13:33 INFO  TestBase:64 - STDOUT:         primary key (CUSTOMER_ID)
2021-03-10 17:13:33 INFO  TestBase:64 - STDOUT:     )
2021-03-10 17:13:33 INFO  TestBase:64 - STDOUT: Hibernate: 
2021-03-10 17:13:33 INFO  TestBase:64 - STDOUT:     
2021-03-10 17:13:33 INFO  TestBase:64 - STDOUT:     alter table CUSTOMERS 
2021-03-10 17:13:33 INFO  TestBase:64 - STDOUT:        add constraint UK_rojrb5eha6bw84ypcr03rcioe unique (CUSTOMER_REFERENCE)
2021-03-10 17:13:33 INFO  TestBase:64 - STDOUT: Hibernate: 
2021-03-10 17:13:33 INFO  TestBase:64 - STDOUT:     
2021-03-10 17:13:33 INFO  TestBase:64 - STDOUT:     alter table CUSTOMER_CONTACT_DETAILS 
2021-03-10 17:13:33 INFO  TestBase:64 - STDOUT:        add constraint FKoxxk4jwpapsurucjqb8q51mxj 
2021-03-10 17:13:33 INFO  TestBase:64 - STDOUT:        foreign key (CUSTOMER_ADDRESS_ID) 
2021-03-10 17:13:33 INFO  TestBase:64 - STDOUT:        references CUSTOMER_ADDRESSES
2021-03-10 17:13:33 INFO  TestBase:64 - STDOUT: Hibernate: 
2021-03-10 17:13:33 INFO  TestBase:64 - STDOUT:     
2021-03-10 17:13:33 INFO  TestBase:64 - STDOUT:     alter table CUSTOMER_CONTACT_DETAILS 
2021-03-10 17:13:33 INFO  TestBase:64 - STDOUT:        add constraint FK15yfxdgaxyrd88xr29469yne4 
2021-03-10 17:13:33 INFO  TestBase:64 - STDOUT:        foreign key (CUSTOMER_PHONE_NUMBER_ID) 
2021-03-10 17:13:33 INFO  TestBase:64 - STDOUT:        references CUSTOMER_PHONE_NUMBERS
2021-03-10 17:13:33 INFO  TestBase:64 - STDOUT: Hibernate: 
2021-03-10 17:13:33 INFO  TestBase:64 - STDOUT:     
2021-03-10 17:13:33 INFO  TestBase:64 - STDOUT:     alter table CUSTOMERS 
2021-03-10 17:13:33 INFO  TestBase:64 - STDOUT:        add constraint FK2mx3xw5gcwk0odm335ygk7lqe 
2021-03-10 17:13:33 INFO  TestBase:64 - STDOUT:        foreign key (CUSTOMER_CONTACT_DETAILS_ID) 
2021-03-10 17:13:33 INFO  TestBase:64 - STDOUT:        references CUSTOMER_CONTACT_DETAILS
2021-03-10 17:13:33 INFO  TestBase:64 - STDOUT: 16:13:33,378 INFO  [org.hibernate.tool.schema.internal.SchemaCreatorImpl] (ServerService Thread Pool -- 48) HHH000476: Executing import script 'ScriptSourceInputFromUrl(vfs:/content/ROOT.war/WEB-INF/classes/import.sql)'
2021-03-10 17:13:33 INFO  TestBase:64 - STDOUT: Hibernate: 
2021-03-10 17:13:33 INFO  TestBase:64 - STDOUT:     INSERT INTO CUSTOMER_ADDRESSES (CUSTOMER_ADDRESS_ID, CITY, COUNTRY, STREET_NUMBER, PROVINCE, STREET_NAME, ZIP_CODE) VALUES (CUSTOMER_ADDRESS_SEQ.nextval, 'New Jersey', 'USA', 1934, 'NJ', 'Duke Lane', '07701')
2021-03-10 17:13:33 INFO  TestBase:64 - STDOUT: Hibernate: 
2021-03-10 17:13:33 INFO  TestBase:64 - STDOUT:     INSERT INTO CUSTOMER_ADDRESSES (CUSTOMER_ADDRESS_ID, CITY, COUNTRY, STREET_NUMBER, PROVINCE, STREET_NAME, ZIP_CODE) VALUES (CUSTOMER_ADDRESS_SEQ.nextval, 'New Jersey', 'USA', 1816, 'NJ', 'Pinnickinnick Street', '07305')
2021-03-10 17:13:33 INFO  TestBase:64 - STDOUT: Hibernate: 
2021-03-10 17:13:33 INFO  TestBase:64 - STDOUT:     INSERT INTO CUSTOMER_ADDRESSES (CUSTOMER_ADDRESS_ID, CITY, COUNTRY, STREET_NUMBER, PROVINCE, STREET_NAME, ZIP_CODE) VALUES (CUSTOMER_ADDRESS_SEQ.nextval, 'Baldwyn', 'USA', 4239, 'MS', '4239  Brownton Road', '38824')
2021-03-10 17:13:33 INFO  TestBase:64 - STDOUT: Hibernate: 
2021-03-10 17:13:33 INFO  TestBase:64 - STDOUT:     INSERT INTO CUSTOMER_ADDRESSES (CUSTOMER_ADDRESS_ID, CITY, COUNTRY, STREET_NUMBER, PROVINCE, STREET_NAME, ZIP_CODE) VALUES (CUSTOMER_ADDRESS_SEQ.nextval, 'Scranton', 'USA', 3738, 'PA', 'High Meadow Lane', '18503')
2021-03-10 17:13:33 INFO  TestBase:64 - STDOUT: Hibernate: 
2021-03-10 17:13:33 INFO  TestBase:64 - STDOUT:     INSERT INTO CUSTOMER_ADDRESSES (CUSTOMER_ADDRESS_ID, CITY, COUNTRY, STREET_NUMBER, PROVINCE, STREET_NAME, ZIP_CODE) VALUES (CUSTOMER_ADDRESS_SEQ.nextval, 'Mikkalo', 'USA', 2718, 'OR', '2718  Paul Wayne Haggerty Road', '97861')
2021-03-10 17:13:33 INFO  TestBase:64 - STDOUT: Hibernate: 
2021-03-10 17:13:33 INFO  TestBase:64 - STDOUT:     INSERT INTO CUSTOMER_PHONE_NUMBERS (CUSTOMER_PHONE_NUMBER_ID, AREA_CODE, EXCHANGE, EXTENSION) VALUES (CUSTOMER_PHONE_NUMBER_SEQ.nextval, 1, 732, 7582496)
2021-03-10 17:13:33 INFO  TestBase:64 - STDOUT: Hibernate: 
2021-03-10 17:13:33 INFO  TestBase:64 - STDOUT:     INSERT INTO CUSTOMER_PHONE_NUMBERS (CUSTOMER_PHONE_NUMBER_ID, AREA_CODE, EXCHANGE, EXTENSION) VALUES (CUSTOMER_PHONE_NUMBER_SEQ.nextval, 1, 504, 5017599)
2021-03-10 17:13:33 INFO  TestBase:64 - STDOUT: Hibernate: 
2021-03-10 17:13:33 INFO  TestBase:64 - STDOUT:     INSERT INTO CUSTOMER_PHONE_NUMBERS (CUSTOMER_PHONE_NUMBER_ID, AREA_CODE, EXCHANGE, EXTENSION) VALUES (CUSTOMER_PHONE_NUMBER_SEQ.nextval, 1, 785, 6239225)
2021-03-10 17:13:33 INFO  TestBase:64 - STDOUT: Hibernate: 
2021-03-10 17:13:33 INFO  TestBase:64 - STDOUT:     INSERT INTO CUSTOMER_PHONE_NUMBERS (CUSTOMER_PHONE_NUMBER_ID, AREA_CODE, EXCHANGE, EXTENSION) VALUES (CUSTOMER_PHONE_NUMBER_SEQ.nextval, 1, 858, 5414459)
2021-03-10 17:13:33 INFO  TestBase:64 - STDOUT: Hibernate: 
2021-03-10 17:13:33 INFO  TestBase:64 - STDOUT:     INSERT INTO CUSTOMER_PHONE_NUMBERS (CUSTOMER_PHONE_NUMBER_ID, AREA_CODE, EXCHANGE, EXTENSION) VALUES (CUSTOMER_PHONE_NUMBER_SEQ.nextval, 1, 503, 5365902)
2021-03-10 17:13:33 INFO  TestBase:64 - STDOUT: Hibernate: 
2021-03-10 17:13:33 INFO  TestBase:64 - STDOUT:     INSERT INTO CUSTOMER_CONTACT_DETAILS (CUSTOMER_CONTACT_DETAILS_ID, EMAIL_ADDRESS, FIRST_NAME, LAST_NAME, CUSTOMER_ADDRESS_ID, CUSTOMER_PHONE_NUMBER_ID) VALUES (CUSTOMER_CONTACT_DETAILS_SEQ.nextval, 'kn66146ry8b@temporary-mail.net', 'John', 'HUDSON', 1, 1)
2021-03-10 17:13:33 INFO  TestBase:64 - STDOUT: Hibernate: 
2021-03-10 17:13:33 INFO  TestBase:64 - STDOUT:     INSERT INTO CUSTOMER_CONTACT_DETAILS (CUSTOMER_CONTACT_DETAILS_ID, EMAIL_ADDRESS, FIRST_NAME, LAST_NAME, CUSTOMER_ADDRESS_ID, CUSTOMER_PHONE_NUMBER_ID) VALUES (CUSTOMER_CONTACT_DETAILS_SEQ.nextval, 'ck22xn84vmw@temporary-mail.net', 'Tracey', 'SULLIVAN', 51, 51)
2021-03-10 17:13:33 INFO  TestBase:64 - STDOUT: Hibernate: 
2021-03-10 17:13:33 INFO  TestBase:64 - STDOUT:     INSERT INTO CUSTOMER_CONTACT_DETAILS (CUSTOMER_CONTACT_DETAILS_ID, EMAIL_ADDRESS, FIRST_NAME, LAST_NAME, CUSTOMER_ADDRESS_ID, CUSTOMER_PHONE_NUMBER_ID) VALUES (CUSTOMER_CONTACT_DETAILS_SEQ.nextval, 'uus6in7jnwm@temporary-mail.net', 'Andrew', 'BENITEZ', 101, 101)
2021-03-10 17:13:33 INFO  TestBase:64 - STDOUT: Hibernate: 
2021-03-10 17:13:33 INFO  TestBase:64 - STDOUT:     INSERT INTO CUSTOMER_CONTACT_DETAILS (CUSTOMER_CONTACT_DETAILS_ID, EMAIL_ADDRESS, FIRST_NAME, LAST_NAME, CUSTOMER_ADDRESS_ID, CUSTOMER_PHONE_NUMBER_ID) VALUES (CUSTOMER_CONTACT_DETAILS_SEQ.nextval, 'b7mh9k80xz@temporary-mail.net', 'Melissa', 'ROBINSON', 151, 151)
2021-03-10 17:13:33 INFO  TestBase:64 - STDOUT: Hibernate: 
2021-03-10 17:13:33 INFO  TestBase:64 - STDOUT:     INSERT INTO CUSTOMER_CONTACT_DETAILS (CUSTOMER_CONTACT_DETAILS_ID, EMAIL_ADDRESS, FIRST_NAME, LAST_NAME, CUSTOMER_ADDRESS_ID, CUSTOMER_PHONE_NUMBER_ID) VALUES (CUSTOMER_CONTACT_DETAILS_SEQ.nextval, '3tad726x27c@temporary-mail.net', 'Tina', 'CANNING', 201, 201)
2021-03-10 17:13:33 INFO  TestBase:64 - STDOUT: Hibernate: 
2021-03-10 17:13:33 INFO  TestBase:64 - STDOUT:     INSERT INTO CUSTOMERS (CUSTOMER_ID, CUSTOMER_REFERENCE, CUSTOMER_TYPE, CUSTOMER_CONTACT_DETAILS_ID) VALUES (CUSTOMERS_SEQ.nextval, 'Customer1', 0, 1)
2021-03-10 17:13:33 INFO  TestBase:64 - STDOUT: Hibernate: 
2021-03-10 17:13:33 INFO  TestBase:64 - STDOUT:     INSERT INTO CUSTOMERS (CUSTOMER_ID, CUSTOMER_REFERENCE, CUSTOMER_TYPE, CUSTOMER_CONTACT_DETAILS_ID) VALUES (CUSTOMERS_SEQ.nextval, 'Customer2', 1, 51)
2021-03-10 17:13:33 INFO  TestBase:64 - STDOUT: Hibernate: 
2021-03-10 17:13:33 INFO  TestBase:64 - STDOUT:     INSERT INTO CUSTOMERS (CUSTOMER_ID, CUSTOMER_REFERENCE, CUSTOMER_TYPE, CUSTOMER_CONTACT_DETAILS_ID) VALUES (CUSTOMERS_SEQ.nextval, 'Customer3', 2, 101)
2021-03-10 17:13:33 INFO  TestBase:64 - STDOUT: Hibernate: 
2021-03-10 17:13:33 INFO  TestBase:64 - STDOUT:     INSERT INTO CUSTOMERS (CUSTOMER_ID, CUSTOMER_REFERENCE, CUSTOMER_TYPE, CUSTOMER_CONTACT_DETAILS_ID) VALUES (CUSTOMERS_SEQ.nextval, 'Customer4', 3, 151)
2021-03-10 17:13:33 INFO  TestBase:64 - STDOUT: Hibernate: 
2021-03-10 17:13:33 INFO  TestBase:64 - STDOUT:     INSERT INTO CUSTOMERS (CUSTOMER_ID, CUSTOMER_REFERENCE, CUSTOMER_TYPE, CUSTOMER_CONTACT_DETAILS_ID) VALUES (CUSTOMERS_SEQ.nextval, 'Customer5', 4, 201)
2021-03-10 17:13:33 INFO  TestBase:64 - STDOUT: 16:13:33,488 INFO  [io.smallrye.metrics] (MSC service thread 1-5) MicroProfile: Metrics activated (SmallRye Metrics version: 2.4.2)
2021-03-10 17:13:34 INFO  TestBase:64 - STDOUT: 16:13:34,171 INFO  [org.wildfly.extension.microprofile.openapi.smallrye] (MSC service thread 1-4) WFLYMPOAI0004: Registered MicroProfile OpenAPI endpoint '/openapi' for host 'default-host'
2021-03-10 17:13:34 INFO  TestBase:64 - STDOUT: 16:13:34,194 INFO  [org.jboss.resteasy.resteasy_jaxrs.i18n] (ServerService Thread Pool -- 48) RESTEASY002225: Deploying javax.ws.rs.core.Application: class fr.simplex_software.micro_services_without_spring.customers.CustomerApp$Proxy$_$$_WeldClientProxy
2021-03-10 17:13:34 INFO  TestBase:64 - STDOUT: 16:13:34,254 INFO  [org.wildfly.extension.undertow] (ServerService Thread Pool -- 48) WFLYUT0021: Registered web context: '/' for server 'default-server'
2021-03-10 17:13:34 INFO  TestBase:64 - STDOUT: 16:13:34,323 INFO  [org.jboss.as.server] (Controller Boot Thread) WFLYSRV0010: Deployed "customers.war" (runtime-name : "ROOT.war")
2021-03-10 17:13:34 INFO  TestBase:64 - STDOUT: 16:13:34,348 INFO  [org.jboss.as.server] (Controller Boot Thread) WFLYSRV0212: Resuming server
2021-03-10 17:13:34 INFO  TestBase:64 - STDOUT: 16:13:34,349 INFO  [org.jboss.as] (Controller Boot Thread) WFLYSRV0025: WildFly Full 21.0.0.Final (WildFly Core 13.0.1.Final) started in 6644ms - Started 312 of 379 services (149 services are lazy, passive or on-demand)
2021-03-10 17:13:34 INFO  TestBase:64 - STDOUT: 16:13:34,350 INFO  [org.jboss.as] (Controller Boot Thread) WFLYSRV0060: Http management interface listening on http://0.0.0.0:9990/management
2021-03-10 17:13:34 INFO  TestBase:64 - STDOUT: 16:13:34,350 INFO  [org.jboss.as] (Controller Boot Thread) WFLYSRV0054: Admin console is not enabled
2021-03-10 17:13:35 INFO  TestBase:64 - STDOUT: 
[ERROR] Tests run: 31, Failures: 27, Errors: 2, Skipped: 0, Time elapsed: 20.315 s <<< FAILURE! - in fr.simplex_software.micro_services_without_spring.customers.tests.bootable.CustomersIT
[ERROR] createCustomerShouldReturn201  Time elapsed: 5.191 s  <<< FAILURE!
java.lang.AssertionError: 
1 expectation failed.
Expected status code <201> but was <405>.

	at fr.simplex_software.micro_services_without_spring.customers.tests.bootable.CustomersIT.createCustomerShouldReturn201(CustomersIT.java:65)

[ERROR] createCustomerShouldReturnRefMustNotBeEmpty  Time elapsed: 0.055 s  <<< FAILURE!
org.opentest4j.AssertionFailedError: 

Expecting:
 <false>
to be equal to:
 <true>
but was not.
	at fr.simplex_software.micro_services_without_spring.customers.tests.bootable.CustomersIT.createCustomerShouldReturnRefMustNotBeEmpty(CustomersIT.java:86)

[ERROR] createCustomerShouldReturnRefHasInvalidLength  Time elapsed: 0.017 s  <<< FAILURE!
org.opentest4j.AssertionFailedError: 

Expecting:
 <false>
to be equal to:
 <true>
but was not.
	at fr.simplex_software.micro_services_without_spring.customers.tests.bootable.CustomersIT.createCustomerShouldReturnRefHasInvalidLength(CustomersIT.java:105)

[ERROR] createCustomerShouldReturnTypeMustNotBeNull  Time elapsed: 0.019 s  <<< FAILURE!
org.opentest4j.AssertionFailedError: 

Expecting:
 <false>
to be equal to:
 <true>
but was not.
	at fr.simplex_software.micro_services_without_spring.customers.tests.bootable.CustomersIT.createCustomerShouldReturnTypeMustNotBeNull(CustomersIT.java:124)

[ERROR] createCustomerShouldReturnContactDetailsMustNotBeNull  Time elapsed: 0.019 s  <<< FAILURE!
java.lang.AssertionError: 

Expecting:
 <"<html><head><title>Error</title></head><body>HTTP method POST is not supported by this URL</body></html>">
to contain:
 <"contactDetails.address must not be null"> 
	at fr.simplex_software.micro_services_without_spring.customers.tests.bootable.CustomersIT.createCustomerShouldReturnContactDetailsMustNotBeNull(CustomersIT.java:144)

[ERROR] createCustomerShouldReturnContactDetailsFirstNameMustNotBeEmpty  Time elapsed: 0.021 s  <<< FAILURE!
org.opentest4j.AssertionFailedError: 

Expecting:
 <false>
to be equal to:
 <true>
but was not.
	at fr.simplex_software.micro_services_without_spring.customers.tests.bootable.CustomersIT.createCustomerShouldReturnContactDetailsFirstNameMustNotBeEmpty(CustomersIT.java:167)

[ERROR] createCustomerShouldReturnContactDetailsFirstNameHasInvalidLength  Time elapsed: 0.016 s  <<< FAILURE!
org.opentest4j.AssertionFailedError: 

Expecting:
 <false>
to be equal to:
 <true>
but was not.
	at fr.simplex_software.micro_services_without_spring.customers.tests.bootable.CustomersIT.createCustomerShouldReturnContactDetailsFirstNameHasInvalidLength(CustomersIT.java:186)

[ERROR] createCustomerShouldReturnContactDetailsLastNameMustNotBeEmpty  Time elapsed: 0.022 s  <<< FAILURE!
org.opentest4j.AssertionFailedError: 

Expecting:
 <false>
to be equal to:
 <true>
but was not.
	at fr.simplex_software.micro_services_without_spring.customers.tests.bootable.CustomersIT.createCustomerShouldReturnContactDetailsLastNameMustNotBeEmpty(CustomersIT.java:205)

[ERROR] createCustomerShouldReturnContactDetailsLastNameHasInvalidLength  Time elapsed: 0.014 s  <<< FAILURE!
org.opentest4j.AssertionFailedError: 

Expecting:
 <false>
to be equal to:
 <true>
but was not.
	at fr.simplex_software.micro_services_without_spring.customers.tests.bootable.CustomersIT.createCustomerShouldReturnContactDetailsLastNameHasInvalidLength(CustomersIT.java:224)

[ERROR] createCustomerShouldReturnContactDetailsAddressMustNotBeNull  Time elapsed: 0.016 s  <<< FAILURE!
java.lang.AssertionError: 

Expecting:
 <"<html><head><title>Error</title></head><body>HTTP method POST is not supported by this URL</body></html>">
to contain:
 <"contactDetails.address.zip must not be empty"> 
	at fr.simplex_software.micro_services_without_spring.customers.tests.bootable.CustomersIT.createCustomerShouldReturnContactDetailsAddressMustNotBeNull(CustomersIT.java:244)

[ERROR] createCustomerShouldReturnContactDetailsAddressNumberMustNotBeZero  Time elapsed: 0.012 s  <<< FAILURE!
org.opentest4j.AssertionFailedError: 

Expecting:
 <false>
to be equal to:
 <true>
but was not.
	at fr.simplex_software.micro_services_without_spring.customers.tests.bootable.CustomersIT.createCustomerShouldReturnContactDetailsAddressNumberMustNotBeZero(CustomersIT.java:268)

[ERROR] createCustomerShouldReturnContactDetailsAddressStreetMustNotBeEmpty  Time elapsed: 0.012 s  <<< FAILURE!
org.opentest4j.AssertionFailedError: 

Expecting:
 <false>
to be equal to:
 <true>
but was not.
	at fr.simplex_software.micro_services_without_spring.customers.tests.bootable.CustomersIT.createCustomerShouldReturnContactDetailsAddressStreetMustNotBeEmpty(CustomersIT.java:287)

[ERROR] createCustomerShouldReturnContactDetailsAddressStreetInvalidLength  Time elapsed: 0.013 s  <<< FAILURE!
org.opentest4j.AssertionFailedError: 

Expecting:
 <false>
to be equal to:
 <true>
but was not.
	at fr.simplex_software.micro_services_without_spring.customers.tests.bootable.CustomersIT.createCustomerShouldReturnContactDetailsAddressStreetInvalidLength(CustomersIT.java:306)

[ERROR] createCustomerShouldReturnContactDetailsAddressCityMustNotBeEmpty  Time elapsed: 0.012 s  <<< FAILURE!
org.opentest4j.AssertionFailedError: 

Expecting:
 <false>
to be equal to:
 <true>
but was not.
	at fr.simplex_software.micro_services_without_spring.customers.tests.bootable.CustomersIT.createCustomerShouldReturnContactDetailsAddressCityMustNotBeEmpty(CustomersIT.java:325)

[ERROR] createCustomerShouldReturnContactDetailsAddressCityInvalidLength  Time elapsed: 0.013 s  <<< FAILURE!
org.opentest4j.AssertionFailedError: 

Expecting:
 <false>
to be equal to:
 <true>
but was not.
	at fr.simplex_software.micro_services_without_spring.customers.tests.bootable.CustomersIT.createCustomerShouldReturnContactDetailsAddressCityInvalidLength(CustomersIT.java:344)

[ERROR] createCustomerShouldReturnContactDetailsAddressProvinceMustNotBeEmpty  Time elapsed: 0.022 s  <<< FAILURE!
org.opentest4j.AssertionFailedError: 

Expecting:
 <false>
to be equal to:
 <true>
but was not.
	at fr.simplex_software.micro_services_without_spring.customers.tests.bootable.CustomersIT.createCustomerShouldReturnContactDetailsAddressProvinceMustNotBeEmpty(CustomersIT.java:363)

[ERROR] createCustomerShouldReturnContactDetailsAddressProvinceInvalidLength  Time elapsed: 0.014 s  <<< FAILURE!
org.opentest4j.AssertionFailedError: 

Expecting:
 <false>
to be equal to:
 <true>
but was not.
	at fr.simplex_software.micro_services_without_spring.customers.tests.bootable.CustomersIT.createCustomerShouldReturnContactDetailsAddressProvinceInvalidLength(CustomersIT.java:382)

[ERROR] createCustomerShouldReturnContactDetailsAddressZipMustNotBeEmpty  Time elapsed: 0.011 s  <<< FAILURE!
org.opentest4j.AssertionFailedError: 

Expecting:
 <false>
to be equal to:
 <true>
but was not.
	at fr.simplex_software.micro_services_without_spring.customers.tests.bootable.CustomersIT.createCustomerShouldReturnContactDetailsAddressZipMustNotBeEmpty(CustomersIT.java:401)

[ERROR] createCustomerShouldReturnContactDetailsAddressZipInvalidLength  Time elapsed: 0.011 s  <<< FAILURE!
org.opentest4j.AssertionFailedError: 

Expecting:
 <false>
to be equal to:
 <true>
but was not.
	at fr.simplex_software.micro_services_without_spring.customers.tests.bootable.CustomersIT.createCustomerShouldReturnContactDetailsAddressZipInvalidLength(CustomersIT.java:420)

[ERROR] createCustomerShouldReturnContactDetailsAddressCountryMustNotBeEmpty  Time elapsed: 0.011 s  <<< FAILURE!
org.opentest4j.AssertionFailedError: 

Expecting:
 <false>
to be equal to:
 <true>
but was not.
	at fr.simplex_software.micro_services_without_spring.customers.tests.bootable.CustomersIT.createCustomerShouldReturnContactDetailsAddressCountryMustNotBeEmpty(CustomersIT.java:439)

[ERROR] createCustomerShouldReturnContactDetailsAddressCountryInvalidLength  Time elapsed: 0.031 s  <<< FAILURE!
org.opentest4j.AssertionFailedError: 

Expecting:
 <false>
to be equal to:
 <true>
but was not.
	at fr.simplex_software.micro_services_without_spring.customers.tests.bootable.CustomersIT.createCustomerShouldReturnContactDetailsAddressCountryInvalidLength(CustomersIT.java:458)

[ERROR] createCustomerShouldReturnContactDetailsAddressEmailMustNotBeNull  Time elapsed: 0.012 s  <<< FAILURE!
org.opentest4j.AssertionFailedError: 

Expecting:
 <false>
to be equal to:
 <true>
but was not.
	at fr.simplex_software.micro_services_without_spring.customers.tests.bootable.CustomersIT.createCustomerShouldReturnContactDetailsAddressEmailMustNotBeNull(CustomersIT.java:477)

[ERROR] createCustomerShouldReturnContactDetailsPhoneNumberMustNotBeNull  Time elapsed: 0.011 s  <<< FAILURE!
org.opentest4j.AssertionFailedError: 

Expecting:
 <false>
to be equal to:
 <true>
but was not.
	at fr.simplex_software.micro_services_without_spring.customers.tests.bootable.CustomersIT.createCustomerShouldReturnContactDetailsPhoneNumberMustNotBeNull(CustomersIT.java:496)

[ERROR] getCustomersShouldReturn200  Time elapsed: 0.018 s  <<< FAILURE!
java.lang.AssertionError: 
1 expectation failed.
Expected status code <200> but was <404>.

	at fr.simplex_software.micro_services_without_spring.customers.tests.bootable.CustomersIT.getCustomersShouldReturn200(CustomersIT.java:523)

[ERROR] getCustomerShouldReturn200  Time elapsed: 0.009 s  <<< FAILURE!
java.lang.AssertionError: 
1 expectation failed.
Expected status code <200> but was <404>.

	at fr.simplex_software.micro_services_without_spring.customers.tests.bootable.CustomersIT.getCustomerShouldReturn200(CustomersIT.java:550)

[ERROR] updateCustomerSholudReturn201  Time elapsed: 0.009 s  <<< ERROR!
java.lang.NumberFormatException: null
	at fr.simplex_software.micro_services_without_spring.customers.tests.bootable.CustomersIT.updateCustomerSholudReturn201(CustomersIT.java:596)

[ERROR] updateCustomerSholudReturn404  Time elapsed: 0.018 s  <<< FAILURE!
java.lang.AssertionError: 
1 expectation failed.
Expected status code <404> but was <405>.

	at fr.simplex_software.micro_services_without_spring.customers.tests.bootable.CustomersIT.updateCustomerSholudReturn404(CustomersIT.java:613)

[ERROR] removeCustomerShouldReturn200  Time elapsed: 0.001 s  <<< ERROR!
java.lang.NumberFormatException: null
	at fr.simplex_software.micro_services_without_spring.customers.tests.bootable.CustomersIT.removeCustomerShouldReturn200(CustomersIT.java:624)

[ERROR] removeCustomerShouldReturn404  Time elapsed: 0.01 s  <<< FAILURE!
java.lang.AssertionError: 
1 expectation failed.
Expected status code <404> but was <405>.

	at fr.simplex_software.micro_services_without_spring.customers.tests.bootable.CustomersIT.removeCustomerShouldReturn404(CustomersIT.java:639)

[INFO] 
[INFO] Results:
[INFO] 
[ERROR] Failures: 
[ERROR]   CustomersIT.createCustomerShouldReturn201:65 1 expectation failed.
Expected status code <201> but was <405>.

[ERROR]   CustomersIT.createCustomerShouldReturnContactDetailsAddressCityInvalidLength:344 
Expecting:
 <false>
to be equal to:
 <true>
but was not.
[ERROR]   CustomersIT.createCustomerShouldReturnContactDetailsAddressCityMustNotBeEmpty:325 
Expecting:
 <false>
to be equal to:
 <true>
but was not.
[ERROR]   CustomersIT.createCustomerShouldReturnContactDetailsAddressCountryInvalidLength:458 
Expecting:
 <false>
to be equal to:
 <true>
but was not.
[ERROR]   CustomersIT.createCustomerShouldReturnContactDetailsAddressCountryMustNotBeEmpty:439 
Expecting:
 <false>
to be equal to:
 <true>
but was not.
[ERROR]   CustomersIT.createCustomerShouldReturnContactDetailsAddressEmailMustNotBeNull:477 
Expecting:
 <false>
to be equal to:
 <true>
but was not.
[ERROR]   CustomersIT.createCustomerShouldReturnContactDetailsAddressMustNotBeNull:244 
Expecting:
 <"<html><head><title>Error</title></head><body>HTTP method POST is not supported by this URL</body></html>">
to contain:
 <"contactDetails.address.zip must not be empty"> 
[ERROR]   CustomersIT.createCustomerShouldReturnContactDetailsAddressNumberMustNotBeZero:268 
Expecting:
 <false>
to be equal to:
 <true>
but was not.
[ERROR]   CustomersIT.createCustomerShouldReturnContactDetailsAddressProvinceInvalidLength:382 
Expecting:
 <false>
to be equal to:
 <true>
but was not.
[ERROR]   CustomersIT.createCustomerShouldReturnContactDetailsAddressProvinceMustNotBeEmpty:363 
Expecting:
 <false>
to be equal to:
 <true>
but was not.
[ERROR]   CustomersIT.createCustomerShouldReturnContactDetailsAddressStreetInvalidLength:306 
Expecting:
 <false>
to be equal to:
 <true>
but was not.
[ERROR]   CustomersIT.createCustomerShouldReturnContactDetailsAddressStreetMustNotBeEmpty:287 
Expecting:
 <false>
to be equal to:
 <true>
but was not.
[ERROR]   CustomersIT.createCustomerShouldReturnContactDetailsAddressZipInvalidLength:420 
Expecting:
 <false>
to be equal to:
 <true>
but was not.
[ERROR]   CustomersIT.createCustomerShouldReturnContactDetailsAddressZipMustNotBeEmpty:401 
Expecting:
 <false>
to be equal to:
 <true>
but was not.
[ERROR]   CustomersIT.createCustomerShouldReturnContactDetailsFirstNameHasInvalidLength:186 
Expecting:
 <false>
to be equal to:
 <true>
but was not.
[ERROR]   CustomersIT.createCustomerShouldReturnContactDetailsFirstNameMustNotBeEmpty:167 
Expecting:
 <false>
to be equal to:
 <true>
but was not.
[ERROR]   CustomersIT.createCustomerShouldReturnContactDetailsLastNameHasInvalidLength:224 
Expecting:
 <false>
to be equal to:
 <true>
but was not.
[ERROR]   CustomersIT.createCustomerShouldReturnContactDetailsLastNameMustNotBeEmpty:205 
Expecting:
 <false>
to be equal to:
 <true>
but was not.
[ERROR]   CustomersIT.createCustomerShouldReturnContactDetailsMustNotBeNull:144 
Expecting:
 <"<html><head><title>Error</title></head><body>HTTP method POST is not supported by this URL</body></html>">
to contain:
 <"contactDetails.address must not be null"> 
[ERROR]   CustomersIT.createCustomerShouldReturnContactDetailsPhoneNumberMustNotBeNull:496 
Expecting:
 <false>
to be equal to:
 <true>
but was not.
[ERROR]   CustomersIT.createCustomerShouldReturnRefHasInvalidLength:105 
Expecting:
 <false>
to be equal to:
 <true>
but was not.
[ERROR]   CustomersIT.createCustomerShouldReturnRefMustNotBeEmpty:86 
Expecting:
 <false>
to be equal to:
 <true>
but was not.
[ERROR]   CustomersIT.createCustomerShouldReturnTypeMustNotBeNull:124 
Expecting:
 <false>
to be equal to:
 <true>
but was not.
[ERROR]   CustomersIT.getCustomerShouldReturn200:550 1 expectation failed.
Expected status code <200> but was <404>.

[ERROR]   CustomersIT.getCustomersShouldReturn200:523 1 expectation failed.
Expected status code <200> but was <404>.

[ERROR]   CustomersIT.removeCustomerShouldReturn404:639 1 expectation failed.
Expected status code <404> but was <405>.

[ERROR]   CustomersIT.updateCustomerSholudReturn404:613 1 expectation failed.
Expected status code <404> but was <405>.

[ERROR] Errors: 
[ERROR]   CustomersIT.removeCustomerShouldReturn200:624 ¬ª NumberFormat null
[ERROR]   CustomersIT.updateCustomerSholudReturn201:596 ¬ª NumberFormat null
[INFO] 
[ERROR] Tests run: 31, Failures: 27, Errors: 2, Skipped: 0
[INFO] 
[INFO] 
[INFO] --- maven-failsafe-plugin:2.22.2:verify (integration-test) @ customers ---
[INFO] ------------------------------------------------------------------------
[INFO] Reactor Summary for Micro-services without Spring :: The master POM module 1.0-SNAPSHOT:
[INFO] 
[INFO] Micro-services without Spring :: The master POM module SUCCESS [  0.439 s]
[INFO] Micro-services without Spring :: The Customers module FAILURE [01:12 min]
[INFO] Micro-services without Spring :: The Orders module . SKIPPED
[INFO] Micro-services without Spring :: The platform module SKIPPED
[INFO] ------------------------------------------------------------------------
[INFO] BUILD FAILURE
[INFO] ------------------------------------------------------------------------
[INFO] Total time:  01:13 min
[INFO] Finished at: 2021-03-10T17:13:36+01:00
[INFO] ------------------------------------------------------------------------
[ERROR] Failed to execute goal org.apache.maven.plugins:maven-failsafe-plugin:2.22.2:verify (integration-test) on project customers: There are test failures.
[ERROR] 
[ERROR] Please refer to /home/nicolas/IdeaProjects/micro-services-without-spring/customers/target/failsafe-reports for the individual test results.
[ERROR] Please refer to dump files (if any exist) [date].dump, [date]-jvmRun[N].dump and [date].dumpstream.
[ERROR] -> [Help 1]
[ERROR] 
[ERROR] To see the full stack trace of the errors, re-run Maven with the -e switch.
[ERROR] Re-run Maven using the -X switch to enable full debug logging.
[ERROR] 
[ERROR] For more information about the errors and possible solutions, please read the following articles:
[ERROR] [Help 1] http://cwiki.apache.org/confluence/display/MAVEN/MojoFailureException
[ERROR] 
[ERROR] After correcting the problems, you can resume the build with the command
[ERROR]   mvn <goals> -rf :customers
